<?xml version="1.0" encoding="UTF-8"?>
<testsuite xmlns:xsi="http://www.w3.org/2001/XMLSchema-instance" xsi:noNamespaceSchemaLocation="https://maven.apache.org/surefire/maven-failsafe-plugin/xsd/failsafe-test-report-3.0.xsd" version="3.0" name="starter.CucumberTestSuite" time="38.076" tests="3" errors="0" skipped="0" failures="0">
  <properties>
[...]
</properties>
  <testcase name="As a user, i login with accepted username standard_user" classname="login" time="15.702">
    <system-out><![CDATA[04:20:27.254 [main] DEBUG net.thucydides.core.guice.Injectors - Created injector for module net.thucydides.core.guice.ThucydidesModule
04:20:27.355 [main] DEBUG io.cucumber.core.plugin.SerenityReporter - Running feature from file:///Users/masgilang/Downloads/Prioritas1WebTestSerenity/src/test/resources/features/Login.feature
04:20:27.423 [main] DEBUG net.thucydides.core.guice.Injectors - Created injector for module net.thucydides.core.guice.webdriver.WebDriverModule
04:20:27.429 [main] INFO  - 

-------------------------------------------------------------------------------------
     _______. _______ .______       _______ .__   __.  __  .___________.____    ____ 
    /       ||   ____||   _  \     |   ____||  \ |  | |  | |           |\   \  /   / 
   |   (----`|  |__   |  |_)  |    |  |__   |   \|  | |  | `---|  |----` \   \/   /  
    \   \    |   __|  |      /     |   __|  |  . `  | |  |     |  |       \_    _/   
.----)   |   |  |____ |  |\  \----.|  |____ |  |\   | |  |     |  |         |  |     
|_______/    |_______|| _| `._____||_______||__| \__| |__|     |__|         |__|    
                                                                                     
 News and tutorials at http://www.serenity-bdd.info                                  
 Documentation at https://wakaleo.gitbooks.io/the-serenity-book/content/             
 Join the Serenity Community on Gitter: https://gitter.im/serenity-bdd/serenity-core 
 Serenity BDD Support and Training at http://serenity-bdd.info/#/trainingandsupport  
-------------------------------------------------------------------------------------

04:20:27.430 [main] DEBUG net.thucydides.core.steps.StepEventBus - Test suite started for story net.thucydides.core.model.Story@23282f08
04:20:27.431 [main] INFO  - Test Suite Started: Login
04:20:27.437 [main] DEBUG io.cucumber.core.plugin.SerenityReporter - Running feature from file:///Users/masgilang/Downloads/Prioritas1WebTestSerenity/src/test/resources/features/Login.feature
04:20:27.438 [main] DEBUG net.thucydides.core.steps.StepEventBus - Test suite started for story net.thucydides.core.model.Story@23282f08
04:20:27.438 [main] INFO  - Test Suite Started: Login

@Login @test1
Scenario: As a user, i login with accepted username standard_user &amp#27;[90m# src/test/resources/features/Login.feature:8&amp#27;[0m
04:20:27.470 [main] DEBUG io.cucumber.core.plugin.SerenityReporter - Running feature from file:///Users/masgilang/Downloads/Prioritas1WebTestSerenity/src/test/resources/features/Login.feature
04:20:27.518 [main] INFO  - 
  _____   ___   ___   _____     ___   _____     _     ___   _____   ___   ___  
 |_   _| | __| / __| |_   _|   / __| |_   _|   /_\   | _ \ |_   _| | __| |   \ 
   | |   | _|  \__ \   | |     \__ \   | |    / _ \  |   /   | |   | _|  | |) |
   |_|   |___| |___/   |_|     |___/   |_|   /_/ \_\ |_|_\   |_|   |___| |___/ 

As a user, i login with accepted username standard_user(login;as-a-user--i-login-with-accepted-username-standard-user)
--------------------------------------------------------------------------------
04:20:27.558 [main] DEBUG net.thucydides.core.requirements.model.cucumber.CucumberParser - Loading feature /Users/masgilang/Downloads/Prioritas1WebTestSerenity/src/test/resources/features/Login.feature
04:20:27.929 [main] INFO net.serenitybdd.core.webdriver.driverproviders.ChromeDriverProvider - Starting Chrome driver instance with capabilities:
04:20:27.930 [main] INFO net.serenitybdd.core.webdriver.driverproviders.ChromeDriverProvider - Capabilities {acceptInsecureCerts: false, browserName: chrome, goog:chromeOptions: {args: [remote-allow-origins=*], extensions: []}}
04:20:27.973 [main] DEBUG io.netty.util.internal.logging.InternalLoggerFactory - Using SLF4J as the default logging framework
04:20:27.974 [main] DEBUG io.netty.util.ResourceLeakDetector - -Dio.netty.leakDetection.level: simple
04:20:27.974 [main] DEBUG io.netty.util.ResourceLeakDetector - -Dio.netty.leakDetection.targetRecords: 4
04:20:27.976 [main] DEBUG io.netty.util.ResourceLeakDetectorFactory - Loaded default ResourceLeakDetector: io.netty.util.ResourceLeakDetector@52abed9d
04:20:27.982 [main] DEBUG io.netty.util.internal.PlatformDependent0 - -Dio.netty.noUnsafe: false
04:20:27.982 [main] DEBUG io.netty.util.internal.PlatformDependent0 - Java version: 19
04:20:27.982 [main] DEBUG io.netty.util.internal.PlatformDependent0 - sun.misc.Unsafe.theUnsafe: available
04:20:27.982 [main] DEBUG io.netty.util.internal.PlatformDependent0 - sun.misc.Unsafe.copyMemory: available
04:20:27.983 [main] DEBUG io.netty.util.internal.PlatformDependent0 - sun.misc.Unsafe.storeFence: available
04:20:27.983 [main] DEBUG io.netty.util.internal.PlatformDependent0 - java.nio.Buffer.address: available
04:20:27.983 [main] DEBUG io.netty.util.internal.PlatformDependent0 - direct buffer constructor: unavailable: Reflective setAccessible(true) disabled
04:20:27.983 [main] DEBUG io.netty.util.internal.PlatformDependent0 - java.nio.Bits.unaligned: available, true
04:20:27.984 [main] DEBUG io.netty.util.internal.PlatformDependent0 - jdk.internal.misc.Unsafe.allocateUninitializedArray(int): unavailable: class io.netty.util.internal.PlatformDependent0$7 cannot access class jdk.internal.misc.Unsafe (in module java.base) because module java.base does not export jdk.internal.misc to unnamed module @3e96bacf
04:20:27.984 [main] DEBUG io.netty.util.internal.PlatformDependent0 - java.nio.DirectByteBuffer.<init>(long, int): unavailable
04:20:27.984 [main] DEBUG io.netty.util.internal.PlatformDependent - sun.misc.Unsafe: available
04:20:27.986 [main] DEBUG io.netty.util.internal.PlatformDependent - maxDirectMemory: 2147483648 bytes (maybe)
04:20:27.986 [main] DEBUG io.netty.util.internal.PlatformDependent - -Dio.netty.tmpdir: /var/folders/d_/lr8j0c_90pd7y80q43_0jvwc0000gn/T (java.io.tmpdir)
04:20:27.986 [main] DEBUG io.netty.util.internal.PlatformDependent - -Dio.netty.bitMode: 64 (sun.arch.data.model)
04:20:27.986 [main] DEBUG io.netty.util.internal.PlatformDependent - Platform: MacOS
04:20:27.986 [main] DEBUG io.netty.util.internal.PlatformDependent - -Dio.netty.maxDirectMemory: -1 bytes
04:20:27.986 [main] DEBUG io.netty.util.internal.PlatformDependent - -Dio.netty.uninitializedArrayAllocationThreshold: -1
04:20:27.986 [main] DEBUG io.netty.util.internal.CleanerJava9 - java.nio.ByteBuffer.cleaner(): available
04:20:27.987 [main] DEBUG io.netty.util.internal.PlatformDependent - -Dio.netty.noPreferDirect: false
04:20:27.989 [main] DEBUG io.netty.util.internal.PlatformDependent - org.jctools-core.MpscChunkedArrayQueue: available
04:20:27.999 [main] DEBUG io.netty.util.internal.InternalThreadLocalMap - -Dio.netty.threadLocalMap.stringBuilder.initialSize: 1024
04:20:27.999 [main] DEBUG io.netty.util.internal.InternalThreadLocalMap - -Dio.netty.threadLocalMap.stringBuilder.maxSize: 4096
04:20:28.092 [main] DEBUG io.netty.handler.ssl.JdkSslContext - Default protocols (JDK): [TLSv1.3, TLSv1.2] 
04:20:28.092 [main] DEBUG io.netty.handler.ssl.JdkSslContext - Default cipher suites (JDK): [TLS_ECDHE_ECDSA_WITH_AES_256_GCM_SHA384, TLS_ECDHE_ECDSA_WITH_AES_128_GCM_SHA256, TLS_ECDHE_RSA_WITH_AES_128_GCM_SHA256, TLS_ECDHE_RSA_WITH_AES_256_GCM_SHA384, TLS_ECDHE_RSA_WITH_AES_128_CBC_SHA, TLS_ECDHE_RSA_WITH_AES_256_CBC_SHA, TLS_RSA_WITH_AES_128_GCM_SHA256, TLS_RSA_WITH_AES_128_CBC_SHA, TLS_RSA_WITH_AES_256_CBC_SHA, TLS_AES_128_GCM_SHA256, TLS_AES_256_GCM_SHA384]
04:20:28.102 [main] DEBUG io.netty.channel.MultithreadEventLoopGroup - -Dio.netty.eventLoopThreads: 16
04:20:28.105 [main] DEBUG io.netty.channel.nio.NioEventLoop - -Dio.netty.noKeySetOptimization: false
04:20:28.105 [main] DEBUG io.netty.channel.nio.NioEventLoop - -Dio.netty.selectorAutoRebuildThreshold: 512
04:20:28.117 [main] DEBUG io.netty.buffer.PooledByteBufAllocator - -Dio.netty.allocator.numHeapArenas: 16
04:20:28.117 [main] DEBUG io.netty.buffer.PooledByteBufAllocator - -Dio.netty.allocator.numDirectArenas: 16
04:20:28.117 [main] DEBUG io.netty.buffer.PooledByteBufAllocator - -Dio.netty.allocator.pageSize: 8192
04:20:28.117 [main] DEBUG io.netty.buffer.PooledByteBufAllocator - -Dio.netty.allocator.maxOrder: 9
04:20:28.117 [main] DEBUG io.netty.buffer.PooledByteBufAllocator - -Dio.netty.allocator.chunkSize: 4194304
04:20:28.117 [main] DEBUG io.netty.buffer.PooledByteBufAllocator - -Dio.netty.allocator.smallCacheSize: 256
04:20:28.117 [main] DEBUG io.netty.buffer.PooledByteBufAllocator - -Dio.netty.allocator.normalCacheSize: 64
04:20:28.117 [main] DEBUG io.netty.buffer.PooledByteBufAllocator - -Dio.netty.allocator.maxCachedBufferCapacity: 32768
04:20:28.117 [main] DEBUG io.netty.buffer.PooledByteBufAllocator - -Dio.netty.allocator.cacheTrimInterval: 8192
04:20:28.117 [main] DEBUG io.netty.buffer.PooledByteBufAllocator - -Dio.netty.allocator.cacheTrimIntervalMillis: 0
04:20:28.117 [main] DEBUG io.netty.buffer.PooledByteBufAllocator - -Dio.netty.allocator.useCacheForAllThreads: false
04:20:28.117 [main] DEBUG io.netty.buffer.PooledByteBufAllocator - -Dio.netty.allocator.maxCachedByteBuffersPerChunk: 1023
04:20:28.121 [main] DEBUG io.netty.buffer.ByteBufUtil - -Dio.netty.allocator.type: pooled
04:20:28.121 [main] DEBUG io.netty.buffer.ByteBufUtil - -Dio.netty.threadLocalDirectBufferSize: 0
04:20:28.121 [main] DEBUG io.netty.buffer.ByteBufUtil - -Dio.netty.maxThreadLocalCharBufferSize: 16384
04:20:28.338 [Forwarding newSession on session null to remote] DEBUG io.netty.channel.DefaultChannelId - -Dio.netty.processId: 65209 (auto-detected)
04:20:28.339 [Forwarding newSession on session null to remote] DEBUG io.netty.util.NetUtil - -Djava.net.preferIPv4Stack: false
04:20:28.339 [Forwarding newSession on session null to remote] DEBUG io.netty.util.NetUtil - -Djava.net.preferIPv6Addresses: false
04:20:28.341 [Forwarding newSession on session null to remote] DEBUG io.netty.util.NetUtilInitializations - Loopback interface: lo0 (lo0, 0:0:0:0:0:0:0:1%lo0)
04:20:28.341 [Forwarding newSession on session null to remote] DEBUG io.netty.util.NetUtil - Failed to get SOMAXCONN from sysctl and file /proc/sys/net/core/somaxconn. Default: 128
04:20:28.342 [Forwarding newSession on session null to remote] DEBUG io.netty.channel.DefaultChannelId - -Dio.netty.machineId: 3c:06:30:ff:fe:47:8f:a2 (auto-detected)
04:20:28.358 [AsyncHttpClient-1-2] DEBUG io.netty.buffer.AbstractByteBuf - -Dio.netty.buffer.checkAccessible: true
04:20:28.358 [AsyncHttpClient-1-2] DEBUG io.netty.buffer.AbstractByteBuf - -Dio.netty.buffer.checkBounds: true
04:20:28.358 [AsyncHttpClient-1-2] DEBUG io.netty.util.ResourceLeakDetectorFactory - Loaded default ResourceLeakDetector: io.netty.util.ResourceLeakDetector@482f1f0c
04:20:28.362 [AsyncHttpClient-1-2] DEBUG org.asynchttpclient.netty.channel.NettyConnectListener - Using new Channel '[id: 0x3ec6bac5, L:/127.0.0.1:62305 - R:localhost/127.0.0.1:11030]' for 'POST' to '/session'
04:20:28.368 [AsyncHttpClient-1-2] DEBUG io.netty.util.Recycler - -Dio.netty.recycler.maxCapacityPerThread: 4096
04:20:28.368 [AsyncHttpClient-1-2] DEBUG io.netty.util.Recycler - -Dio.netty.recycler.ratio: 8
04:20:28.368 [AsyncHttpClient-1-2] DEBUG io.netty.util.Recycler - -Dio.netty.recycler.chunkSize: 32
04:20:28.368 [AsyncHttpClient-1-2] DEBUG io.netty.util.Recycler - -Dio.netty.recycler.blocking: false
04:20:37.159 [AsyncHttpClient-1-2] DEBUG io.netty.handler.codec.compression.Brotli - brotli4j not in the classpath; Brotli support will be unavailable.
04:20:37.159 [AsyncHttpClient-1-2] DEBUG org.asynchttpclient.netty.handler.HttpHandler - 

Request DefaultHttpRequest(decodeResult: success, version: HTTP/1.1)
POST /session HTTP/1.1
User-Agent: selenium/4.8.1 (java mac)
Content-Length: 507
Content-Type: application/json; charset=utf-8
host: localhost:11030
accept: */*

Response DefaultHttpResponse(decodeResult: success, version: HTTP/1.1)
HTTP/1.1 200 OK
Content-Length: 868
Content-Type: application/json; charset=utf-8
cache-control: no-cache

04:20:37.164 [AsyncHttpClient-1-2] DEBUG org.asynchttpclient.netty.channel.ChannelManager - Adding key: http://localhost:11030 for channel [id: 0x3ec6bac5, L:/127.0.0.1:62305 - R:localhost/127.0.0.1:11030]
04:20:37.197 [AsyncHttpClient-1-3] DEBUG org.asynchttpclient.netty.channel.NettyConnectListener - Using new Channel '[id: 0x1452cd4d, L:/127.0.0.1:62311 - R:localhost/127.0.0.1:62306]' for 'GET' to '/json/version'
04:20:37.199 [AsyncHttpClient-1-3] DEBUG org.asynchttpclient.netty.handler.HttpHandler - 

Request DefaultFullHttpRequest(decodeResult: success, version: HTTP/1.1, content: EmptyByteBufBE)
GET /json/version HTTP/1.1
User-Agent: selenium/4.8.1 (java mac)
host: localhost:62306
accept: */*

Response DefaultHttpResponse(decodeResult: success, version: HTTP/1.1)
HTTP/1.1 200 OK
Content-Security-Policy: frame-ancestors 'none'
Content-Length: 420
Content-Type: application/json; charset=UTF-8

04:20:37.199 [AsyncHttpClient-1-3] DEBUG org.asynchttpclient.netty.channel.ChannelManager - Adding key: http://localhost:62306 for channel [id: 0x1452cd4d, L:/127.0.0.1:62311 - R:localhost/127.0.0.1:62306]
04:20:37.204 [main] DEBUG io.netty.util.internal.ThreadLocalRandom - -Dio.netty.initialSeedUniquifier: 0x57ec683c772a31db
04:20:37.205 [AsyncHttpClient-1-4] DEBUG org.asynchttpclient.netty.channel.NettyConnectListener - Using new Channel '[id: 0x72d969e2, L:/127.0.0.1:62312 - R:localhost/127.0.0.1:62306]' for 'GET' to '/devtools/browser/bb9f990f-7d27-492c-9f73-eb6ab1f28641'
04:20:37.207 [AsyncHttpClient-1-4] DEBUG org.asynchttpclient.netty.handler.WebSocketHandler - 

Request DefaultFullHttpRequest(decodeResult: success, version: HTTP/1.1, content: EmptyByteBufBE)
GET /devtools/browser/bb9f990f-7d27-492c-9f73-eb6ab1f28641 HTTP/1.1
upgrade: websocket
connection: upgrade
sec-websocket-key: 86yPuaZ+nbxFy6Nqn7Xy0A==
sec-websocket-version: 13
origin: http://localhost:62306
host: localhost:62306
accept: */*
user-agent: AHC/2.1

Response DefaultHttpResponse(decodeResult: success, version: HTTP/1.1)
HTTP/1.1 101 WebSocket Protocol Handshake
Upgrade: WebSocket
Connection: Upgrade
Sec-WebSocket-Accept: b7rtq56qm28sksfBweRRUGZ9T3c=

04:20:37.232 [Forwarding maximizeCurrentWindow on session ebd78358ff1594d2f04dc77a62e9b358 to remote] DEBUG org.asynchttpclient.netty.request.NettyRequestSender - Using pooled Channel '[id: 0x3ec6bac5, L:/127.0.0.1:62305 - R:localhost/127.0.0.1:11030]' for 'POST' to 'http://localhost:11030/session/ebd78358ff1594d2f04dc77a62e9b358/window/maximize'
04:20:37.232 [Forwarding maximizeCurrentWindow on session ebd78358ff1594d2f04dc77a62e9b358 to remote] DEBUG org.asynchttpclient.netty.request.NettyRequestSender - Using open Channel [id: 0x3ec6bac5, L:/127.0.0.1:62305 - R:localhost/127.0.0.1:11030] for POST '/session/ebd78358ff1594d2f04dc77a62e9b358/window/maximize'
04:20:37.649 [AsyncHttpClient-1-2] DEBUG org.asynchttpclient.netty.handler.HttpHandler - 

Request DefaultHttpRequest(decodeResult: success, version: HTTP/1.1)
POST /session/ebd78358ff1594d2f04dc77a62e9b358/window/maximize HTTP/1.1
User-Agent: selenium/4.8.1 (java mac)
Content-Length: 3
Content-Type: application/json; charset=utf-8
host: localhost:11030
accept: */*

Response DefaultHttpResponse(decodeResult: success, version: HTTP/1.1)
HTTP/1.1 200 OK
Content-Length: 50
Content-Type: application/json; charset=utf-8
cache-control: no-cache

04:20:37.661 [AsyncHttpClient-1-2] DEBUG org.asynchttpclient.netty.channel.ChannelManager - Adding key: http://localhost:11030 for channel [id: 0x3ec6bac5, L:/127.0.0.1:62305 - R:localhost/127.0.0.1:11030]
04:20:37.709 [Forwarding get on session ebd78358ff1594d2f04dc77a62e9b358 to remote] DEBUG org.asynchttpclient.netty.request.NettyRequestSender - Using pooled Channel '[id: 0x3ec6bac5, L:/127.0.0.1:62305 - R:localhost/127.0.0.1:11030]' for 'POST' to 'http://localhost:11030/session/ebd78358ff1594d2f04dc77a62e9b358/url'
04:20:37.709 [Forwarding get on session ebd78358ff1594d2f04dc77a62e9b358 to remote] DEBUG org.asynchttpclient.netty.request.NettyRequestSender - Using open Channel [id: 0x3ec6bac5, L:/127.0.0.1:62305 - R:localhost/127.0.0.1:11030] for POST '/session/ebd78358ff1594d2f04dc77a62e9b358/url'
04:20:37.996 [AsyncHttpClient-1-1] DEBUG org.asynchttpclient.netty.channel.DefaultChannelPool - Entry count for : http://localhost:62306 : 1
04:20:38.991 [AsyncHttpClient-1-2] DEBUG org.asynchttpclient.netty.handler.HttpHandler - 

Request DefaultHttpRequest(decodeResult: success, version: HTTP/1.1)
POST /session/ebd78358ff1594d2f04dc77a62e9b358/url HTTP/1.1
User-Agent: selenium/4.8.1 (java mac)
Content-Length: 56
Content-Type: application/json; charset=utf-8
host: localhost:11030
accept: */*

Response DefaultHttpResponse(decodeResult: success, version: HTTP/1.1)
HTTP/1.1 200 OK
Content-Length: 14
Content-Type: application/json; charset=utf-8
cache-control: no-cache

04:20:38.991 [AsyncHttpClient-1-2] DEBUG org.asynchttpclient.netty.channel.ChannelManager - Adding key: http://localhost:11030 for channel [id: 0x3ec6bac5, L:/127.0.0.1:62305 - R:localhost/127.0.0.1:11030]
04:20:38.993 [Forwarding setTimeout on session ebd78358ff1594d2f04dc77a62e9b358 to remote] DEBUG org.asynchttpclient.netty.request.NettyRequestSender - Using pooled Channel '[id: 0x3ec6bac5, L:/127.0.0.1:62305 - R:localhost/127.0.0.1:11030]' for 'POST' to 'http://localhost:11030/session/ebd78358ff1594d2f04dc77a62e9b358/timeouts'
04:20:38.993 [Forwarding setTimeout on session ebd78358ff1594d2f04dc77a62e9b358 to remote] DEBUG org.asynchttpclient.netty.request.NettyRequestSender - Using open Channel [id: 0x3ec6bac5, L:/127.0.0.1:62305 - R:localhost/127.0.0.1:11030] for POST '/session/ebd78358ff1594d2f04dc77a62e9b358/timeouts'
04:20:38.995 [AsyncHttpClient-1-2] DEBUG org.asynchttpclient.netty.handler.HttpHandler - 

Request DefaultHttpRequest(decodeResult: success, version: HTTP/1.1)
POST /session/ebd78358ff1594d2f04dc77a62e9b358/timeouts HTTP/1.1
User-Agent: selenium/4.8.1 (java mac)
Content-Length: 22
Content-Type: application/json; charset=utf-8
host: localhost:11030
accept: */*

Response DefaultHttpResponse(decodeResult: success, version: HTTP/1.1)
HTTP/1.1 200 OK
Content-Length: 14
Content-Type: application/json; charset=utf-8
cache-control: no-cache

04:20:38.995 [AsyncHttpClient-1-2] DEBUG org.asynchttpclient.netty.channel.ChannelManager - Adding key: http://localhost:11030 for channel [id: 0x3ec6bac5, L:/127.0.0.1:62305 - R:localhost/127.0.0.1:11030]
04:20:39.020 [main] DEBUG net.serenitybdd.core.photography.Darkroom - Opening darkroom
04:20:39.020 [Darkroom Processing Line] DEBUG net.serenitybdd.core.photography.DarkroomProcessingLine - Darkroom processing line starting up
04:20:39.028 [Forwarding getAlertText on session ebd78358ff1594d2f04dc77a62e9b358 to remote] DEBUG org.asynchttpclient.netty.request.NettyRequestSender - Using pooled Channel '[id: 0x3ec6bac5, L:/127.0.0.1:62305 - R:localhost/127.0.0.1:11030]' for 'GET' to 'http://localhost:11030/session/ebd78358ff1594d2f04dc77a62e9b358/alert/text'
04:20:39.028 [Forwarding getAlertText on session ebd78358ff1594d2f04dc77a62e9b358 to remote] DEBUG org.asynchttpclient.netty.request.NettyRequestSender - Using open Channel [id: 0x3ec6bac5, L:/127.0.0.1:62305 - R:localhost/127.0.0.1:11030] for GET '/session/ebd78358ff1594d2f04dc77a62e9b358/alert/text'
04:20:39.030 [AsyncHttpClient-1-2] DEBUG org.asynchttpclient.netty.handler.HttpHandler - 

Request DefaultFullHttpRequest(decodeResult: success, version: HTTP/1.1, content: EmptyByteBufBE)
GET /session/ebd78358ff1594d2f04dc77a62e9b358/alert/text HTTP/1.1
User-Agent: selenium/4.8.1 (java mac)
Cache-Control: no-cache
Content-Type: application/json; charset=utf-8
host: localhost:11030
accept: */*

Response DefaultHttpResponse(decodeResult: success, version: HTTP/1.1)
HTTP/1.1 404 Not Found
Content-Length: 1762
Content-Type: application/json; charset=utf-8
cache-control: no-cache

04:20:39.030 [AsyncHttpClient-1-2] DEBUG org.asynchttpclient.netty.channel.ChannelManager - Adding key: http://localhost:11030 for channel [id: 0x3ec6bac5, L:/127.0.0.1:62305 - R:localhost/127.0.0.1:11030]
04:20:39.033 [Forwarding getCurrentUrl on session ebd78358ff1594d2f04dc77a62e9b358 to remote] DEBUG org.asynchttpclient.netty.request.NettyRequestSender - Using pooled Channel '[id: 0x3ec6bac5, L:/127.0.0.1:62305 - R:localhost/127.0.0.1:11030]' for 'GET' to 'http://localhost:11030/session/ebd78358ff1594d2f04dc77a62e9b358/url'
04:20:39.033 [Forwarding getCurrentUrl on session ebd78358ff1594d2f04dc77a62e9b358 to remote] DEBUG org.asynchttpclient.netty.request.NettyRequestSender - Using open Channel [id: 0x3ec6bac5, L:/127.0.0.1:62305 - R:localhost/127.0.0.1:11030] for GET '/session/ebd78358ff1594d2f04dc77a62e9b358/url'
04:20:39.054 [AsyncHttpClient-1-2] DEBUG org.asynchttpclient.netty.handler.HttpHandler - 

Request DefaultFullHttpRequest(decodeResult: success, version: HTTP/1.1, content: EmptyByteBufBE)
GET /session/ebd78358ff1594d2f04dc77a62e9b358/url HTTP/1.1
User-Agent: selenium/4.8.1 (java mac)
Cache-Control: no-cache
Content-Type: application/json; charset=utf-8
host: localhost:11030
accept: */*

Response DefaultHttpResponse(decodeResult: success, version: HTTP/1.1)
HTTP/1.1 200 OK
Content-Length: 38
Content-Type: application/json; charset=utf-8
cache-control: no-cache

04:20:39.054 [AsyncHttpClient-1-2] DEBUG org.asynchttpclient.netty.channel.ChannelManager - Adding key: http://localhost:11030 for channel [id: 0x3ec6bac5, L:/127.0.0.1:62305 - R:localhost/127.0.0.1:11030]
04:20:39.056 [Forwarding screenshot on session ebd78358ff1594d2f04dc77a62e9b358 to remote] DEBUG org.asynchttpclient.netty.request.NettyRequestSender - Using pooled Channel '[id: 0x3ec6bac5, L:/127.0.0.1:62305 - R:localhost/127.0.0.1:11030]' for 'GET' to 'http://localhost:11030/session/ebd78358ff1594d2f04dc77a62e9b358/screenshot'
04:20:39.056 [Forwarding screenshot on session ebd78358ff1594d2f04dc77a62e9b358 to remote] DEBUG org.asynchttpclient.netty.request.NettyRequestSender - Using open Channel [id: 0x3ec6bac5, L:/127.0.0.1:62305 - R:localhost/127.0.0.1:11030] for GET '/session/ebd78358ff1594d2f04dc77a62e9b358/screenshot'
04:20:39.092 [AsyncHttpClient-1-1] DEBUG org.asynchttpclient.netty.channel.DefaultChannelPool - Entry count for : http://localhost:62306 : 1
04:20:39.294 [AsyncHttpClient-1-2] DEBUG org.asynchttpclient.netty.handler.HttpHandler - 

Request DefaultFullHttpRequest(decodeResult: success, version: HTTP/1.1, content: EmptyByteBufBE)
GET /session/ebd78358ff1594d2f04dc77a62e9b358/screenshot HTTP/1.1
User-Agent: selenium/4.8.1 (java mac)
Cache-Control: no-cache
Content-Type: application/json; charset=utf-8
host: localhost:11030
accept: */*

Response DefaultHttpResponse(decodeResult: success, version: HTTP/1.1)
HTTP/1.1 200 OK
Content-Length: 100096
Content-Type: application/json; charset=utf-8
cache-control: no-cache

04:20:39.296 [AsyncHttpClient-1-2] DEBUG org.asynchttpclient.netty.channel.ChannelManager - Adding key: http://localhost:11030 for channel [id: 0x3ec6bac5, L:/127.0.0.1:62305 - R:localhost/127.0.0.1:11030]
04:20:39.335 [main] DEBUG net.serenitybdd.core.photography.Darkroom - Send negative for processing for target/site/serenity/377ffb6d1550d3632e8c516234cfcf50b136ee3152a3183094b22917dd9b473e.png
04:20:39.335 [Darkroom Processing Line] DEBUG net.serenitybdd.core.photography.DarkroomProcessingLine - Processing screenshot image in /var/screenshots/screenshot-7447688012526597051
04:20:39.335 [Darkroom Processing Line] DEBUG net.serenitybdd.core.photography.DarkroomProcessingLine - Saving screenshot to target/site/serenity/377ffb6d1550d3632e8c516234cfcf50b136ee3152a3183094b22917dd9b473e.png
04:20:39.337 [Forwarding getPageSource on session ebd78358ff1594d2f04dc77a62e9b358 to remote] DEBUG org.asynchttpclient.netty.request.NettyRequestSender - Using pooled Channel '[id: 0x3ec6bac5, L:/127.0.0.1:62305 - R:localhost/127.0.0.1:11030]' for 'POST' to 'http://localhost:11030/session/ebd78358ff1594d2f04dc77a62e9b358/execute/sync'
04:20:39.337 [Forwarding getPageSource on session ebd78358ff1594d2f04dc77a62e9b358 to remote] DEBUG org.asynchttpclient.netty.request.NettyRequestSender - Using open Channel [id: 0x3ec6bac5, L:/127.0.0.1:62305 - R:localhost/127.0.0.1:11030] for POST '/session/ebd78358ff1594d2f04dc77a62e9b358/execute/sync'
04:20:39.424 [AsyncHttpClient-1-2] DEBUG org.asynchttpclient.netty.handler.HttpHandler - 

Request DefaultHttpRequest(decodeResult: success, version: HTTP/1.1)
POST /session/ebd78358ff1594d2f04dc77a62e9b358/execute/sync HTTP/1.1
User-Agent: selenium/4.8.1 (java mac)
Content-Length: 176
Content-Type: application/json; charset=utf-8
host: localhost:11030
accept: */*

Response DefaultHttpResponse(decodeResult: success, version: HTTP/1.1)
HTTP/1.1 200 OK
Content-Length: 4286
Content-Type: application/json; charset=utf-8
cache-control: no-cache

04:20:39.424 [AsyncHttpClient-1-2] DEBUG org.asynchttpclient.netty.channel.ChannelManager - Adding key: http://localhost:11030 for channel [id: 0x3ec6bac5, L:/127.0.0.1:62305 - R:localhost/127.0.0.1:11030]
04:20:39.450 [Forwarding getCurrentUrl on session ebd78358ff1594d2f04dc77a62e9b358 to remote] DEBUG org.asynchttpclient.netty.request.NettyRequestSender - Using pooled Channel '[id: 0x3ec6bac5, L:/127.0.0.1:62305 - R:localhost/127.0.0.1:11030]' for 'GET' to 'http://localhost:11030/session/ebd78358ff1594d2f04dc77a62e9b358/url'
04:20:39.450 [Forwarding getCurrentUrl on session ebd78358ff1594d2f04dc77a62e9b358 to remote] DEBUG org.asynchttpclient.netty.request.NettyRequestSender - Using open Channel [id: 0x3ec6bac5, L:/127.0.0.1:62305 - R:localhost/127.0.0.1:11030] for GET '/session/ebd78358ff1594d2f04dc77a62e9b358/url'
04:20:39.484 [AsyncHttpClient-1-2] DEBUG org.asynchttpclient.netty.handler.HttpHandler - 

Request DefaultFullHttpRequest(decodeResult: success, version: HTTP/1.1, content: EmptyByteBufBE)
GET /session/ebd78358ff1594d2f04dc77a62e9b358/url HTTP/1.1
User-Agent: selenium/4.8.1 (java mac)
Cache-Control: no-cache
Content-Type: application/json; charset=utf-8
host: localhost:11030
accept: */*

Response DefaultHttpResponse(decodeResult: success, version: HTTP/1.1)
HTTP/1.1 200 OK
Content-Length: 38
Content-Type: application/json; charset=utf-8
cache-control: no-cache

04:20:39.485 [AsyncHttpClient-1-2] DEBUG org.asynchttpclient.netty.channel.ChannelManager - Adding key: http://localhost:11030 for channel [id: 0x3ec6bac5, L:/127.0.0.1:62305 - R:localhost/127.0.0.1:11030]
04:20:39.487 [main] DEBUG net.thucydides.core.steps.StepInterceptor - STARTING STEP: LoginSteps.iAmOnTheLoginPage - validateOnTheLoginPage
04:20:39.494 [Forwarding findElement on session ebd78358ff1594d2f04dc77a62e9b358 to remote] DEBUG org.asynchttpclient.netty.request.NettyRequestSender - Using pooled Channel '[id: 0x3ec6bac5, L:/127.0.0.1:62305 - R:localhost/127.0.0.1:11030]' for 'POST' to 'http://localhost:11030/session/ebd78358ff1594d2f04dc77a62e9b358/element'
04:20:39.494 [Forwarding findElement on session ebd78358ff1594d2f04dc77a62e9b358 to remote] DEBUG org.asynchttpclient.netty.request.NettyRequestSender - Using open Channel [id: 0x3ec6bac5, L:/127.0.0.1:62305 - R:localhost/127.0.0.1:11030] for POST '/session/ebd78358ff1594d2f04dc77a62e9b358/element'
04:20:39.545 [AsyncHttpClient-1-2] DEBUG org.asynchttpclient.netty.handler.HttpHandler - 

Request DefaultHttpRequest(decodeResult: success, version: HTTP/1.1)
POST /session/ebd78358ff1594d2f04dc77a62e9b358/element HTTP/1.1
User-Agent: selenium/4.8.1 (java mac)
Content-Length: 59
Content-Type: application/json; charset=utf-8
host: localhost:11030
accept: */*

Response DefaultHttpResponse(decodeResult: success, version: HTTP/1.1)
HTTP/1.1 200 OK
Content-Length: 88
Content-Type: application/json; charset=utf-8
cache-control: no-cache

04:20:39.545 [AsyncHttpClient-1-2] DEBUG org.asynchttpclient.netty.channel.ChannelManager - Adding key: http://localhost:11030 for channel [id: 0x3ec6bac5, L:/127.0.0.1:62305 - R:localhost/127.0.0.1:11030]
04:20:39.555 [Forwarding isElementDisplayed on session ebd78358ff1594d2f04dc77a62e9b358 to remote] DEBUG org.asynchttpclient.netty.request.NettyRequestSender - Using pooled Channel '[id: 0x3ec6bac5, L:/127.0.0.1:62305 - R:localhost/127.0.0.1:11030]' for 'POST' to 'http://localhost:11030/session/ebd78358ff1594d2f04dc77a62e9b358/execute/sync'
04:20:39.555 [Forwarding isElementDisplayed on session ebd78358ff1594d2f04dc77a62e9b358 to remote] DEBUG org.asynchttpclient.netty.request.NettyRequestSender - Using open Channel [id: 0x3ec6bac5, L:/127.0.0.1:62305 - R:localhost/127.0.0.1:11030] for POST '/session/ebd78358ff1594d2f04dc77a62e9b358/execute/sync'
04:20:39.609 [AsyncHttpClient-1-2] DEBUG org.asynchttpclient.netty.handler.HttpHandler - 

Request DefaultHttpRequest(decodeResult: success, version: HTTP/1.1)
POST /session/ebd78358ff1594d2f04dc77a62e9b358/execute/sync HTTP/1.1
User-Agent: selenium/4.8.1 (java mac)
Content-Length: 48807
Content-Type: application/json; charset=utf-8
host: localhost:11030
accept: */*

Response DefaultHttpResponse(decodeResult: success, version: HTTP/1.1)
HTTP/1.1 200 OK
Content-Length: 14
Content-Type: application/json; charset=utf-8
cache-control: no-cache

04:20:39.609 [AsyncHttpClient-1-2] DEBUG org.asynchttpclient.netty.channel.ChannelManager - Adding key: http://localhost:11030 for channel [id: 0x3ec6bac5, L:/127.0.0.1:62305 - R:localhost/127.0.0.1:11030]
04:20:39.613 [Forwarding getAlertText on session ebd78358ff1594d2f04dc77a62e9b358 to remote] DEBUG org.asynchttpclient.netty.request.NettyRequestSender - Using pooled Channel '[id: 0x3ec6bac5, L:/127.0.0.1:62305 - R:localhost/127.0.0.1:11030]' for 'GET' to 'http://localhost:11030/session/ebd78358ff1594d2f04dc77a62e9b358/alert/text'
04:20:39.613 [Forwarding getAlertText on session ebd78358ff1594d2f04dc77a62e9b358 to remote] DEBUG org.asynchttpclient.netty.request.NettyRequestSender - Using open Channel [id: 0x3ec6bac5, L:/127.0.0.1:62305 - R:localhost/127.0.0.1:11030] for GET '/session/ebd78358ff1594d2f04dc77a62e9b358/alert/text'
04:20:39.615 [AsyncHttpClient-1-2] DEBUG org.asynchttpclient.netty.handler.HttpHandler - 

Request DefaultFullHttpRequest(decodeResult: success, version: HTTP/1.1, content: EmptyByteBufBE)
GET /session/ebd78358ff1594d2f04dc77a62e9b358/alert/text HTTP/1.1
User-Agent: selenium/4.8.1 (java mac)
Cache-Control: no-cache
Content-Type: application/json; charset=utf-8
host: localhost:11030
accept: */*

Response DefaultHttpResponse(decodeResult: success, version: HTTP/1.1)
HTTP/1.1 404 Not Found
Content-Length: 1762
Content-Type: application/json; charset=utf-8
cache-control: no-cache

04:20:39.615 [AsyncHttpClient-1-2] DEBUG org.asynchttpclient.netty.channel.ChannelManager - Adding key: http://localhost:11030 for channel [id: 0x3ec6bac5, L:/127.0.0.1:62305 - R:localhost/127.0.0.1:11030]
04:20:39.616 [Forwarding getCurrentUrl on session ebd78358ff1594d2f04dc77a62e9b358 to remote] DEBUG org.asynchttpclient.netty.request.NettyRequestSender - Using pooled Channel '[id: 0x3ec6bac5, L:/127.0.0.1:62305 - R:localhost/127.0.0.1:11030]' for 'GET' to 'http://localhost:11030/session/ebd78358ff1594d2f04dc77a62e9b358/url'
04:20:39.616 [Forwarding getCurrentUrl on session ebd78358ff1594d2f04dc77a62e9b358 to remote] DEBUG org.asynchttpclient.netty.request.NettyRequestSender - Using open Channel [id: 0x3ec6bac5, L:/127.0.0.1:62305 - R:localhost/127.0.0.1:11030] for GET '/session/ebd78358ff1594d2f04dc77a62e9b358/url'
04:20:39.618 [AsyncHttpClient-1-2] DEBUG org.asynchttpclient.netty.handler.HttpHandler - 

Request DefaultFullHttpRequest(decodeResult: success, version: HTTP/1.1, content: EmptyByteBufBE)
GET /session/ebd78358ff1594d2f04dc77a62e9b358/url HTTP/1.1
User-Agent: selenium/4.8.1 (java mac)
Cache-Control: no-cache
Content-Type: application/json; charset=utf-8
host: localhost:11030
accept: */*

Response DefaultHttpResponse(decodeResult: success, version: HTTP/1.1)
HTTP/1.1 200 OK
Content-Length: 38
Content-Type: application/json; charset=utf-8
cache-control: no-cache

04:20:39.618 [AsyncHttpClient-1-2] DEBUG org.asynchttpclient.netty.channel.ChannelManager - Adding key: http://localhost:11030 for channel [id: 0x3ec6bac5, L:/127.0.0.1:62305 - R:localhost/127.0.0.1:11030]
04:20:39.618 [Forwarding screenshot on session ebd78358ff1594d2f04dc77a62e9b358 to remote] DEBUG org.asynchttpclient.netty.request.NettyRequestSender - Using pooled Channel '[id: 0x3ec6bac5, L:/127.0.0.1:62305 - R:localhost/127.0.0.1:11030]' for 'GET' to 'http://localhost:11030/session/ebd78358ff1594d2f04dc77a62e9b358/screenshot'
04:20:39.618 [Forwarding screenshot on session ebd78358ff1594d2f04dc77a62e9b358 to remote] DEBUG org.asynchttpclient.netty.request.NettyRequestSender - Using open Channel [id: 0x3ec6bac5, L:/127.0.0.1:62305 - R:localhost/127.0.0.1:11030] for GET '/session/ebd78358ff1594d2f04dc77a62e9b358/screenshot'
04:20:39.822 [AsyncHttpClient-1-2] DEBUG org.asynchttpclient.netty.handler.HttpHandler - 

Request DefaultFullHttpRequest(decodeResult: success, version: HTTP/1.1, content: EmptyByteBufBE)
GET /session/ebd78358ff1594d2f04dc77a62e9b358/screenshot HTTP/1.1
User-Agent: selenium/4.8.1 (java mac)
Cache-Control: no-cache
Content-Type: application/json; charset=utf-8
host: localhost:11030
accept: */*

Response DefaultHttpResponse(decodeResult: success, version: HTTP/1.1)
HTTP/1.1 200 OK
Content-Length: 100096
Content-Type: application/json; charset=utf-8
cache-control: no-cache

04:20:39.822 [AsyncHttpClient-1-2] DEBUG org.asynchttpclient.netty.channel.ChannelManager - Adding key: http://localhost:11030 for channel [id: 0x3ec6bac5, L:/127.0.0.1:62305 - R:localhost/127.0.0.1:11030]
04:20:39.828 [main] DEBUG net.serenitybdd.core.photography.Darkroom - Send negative for processing for target/site/serenity/377ffb6d1550d3632e8c516234cfcf50b136ee3152a3183094b22917dd9b473e.png
04:20:39.830 [main] DEBUG net.thucydides.core.steps.StepInterceptor - STEP DONE: validateOnTheLoginPage
  &amp#27;[32mGiven &amp#27;[0m&amp#27;[32mI am on the login page&amp#27;[0m                                    &amp#27;[90m# starter.stepdef.LoginSteps.iAmOnTheLoginPage()&amp#27;[0m
04:20:39.838 [Forwarding getPageSource on session ebd78358ff1594d2f04dc77a62e9b358 to remote] DEBUG org.asynchttpclient.netty.request.NettyRequestSender - Using pooled Channel '[id: 0x3ec6bac5, L:/127.0.0.1:62305 - R:localhost/127.0.0.1:11030]' for 'POST' to 'http://localhost:11030/session/ebd78358ff1594d2f04dc77a62e9b358/execute/sync'
04:20:39.838 [Forwarding getPageSource on session ebd78358ff1594d2f04dc77a62e9b358 to remote] DEBUG org.asynchttpclient.netty.request.NettyRequestSender - Using open Channel [id: 0x3ec6bac5, L:/127.0.0.1:62305 - R:localhost/127.0.0.1:11030] for POST '/session/ebd78358ff1594d2f04dc77a62e9b358/execute/sync'
04:20:39.847 [AsyncHttpClient-1-2] DEBUG org.asynchttpclient.netty.handler.HttpHandler - 

Request DefaultHttpRequest(decodeResult: success, version: HTTP/1.1)
POST /session/ebd78358ff1594d2f04dc77a62e9b358/execute/sync HTTP/1.1
User-Agent: selenium/4.8.1 (java mac)
Content-Length: 176
Content-Type: application/json; charset=utf-8
host: localhost:11030
accept: */*

Response DefaultHttpResponse(decodeResult: success, version: HTTP/1.1)
HTTP/1.1 200 OK
Content-Length: 4286
Content-Type: application/json; charset=utf-8
cache-control: no-cache

04:20:39.847 [AsyncHttpClient-1-2] DEBUG org.asynchttpclient.netty.channel.ChannelManager - Adding key: http://localhost:11030 for channel [id: 0x3ec6bac5, L:/127.0.0.1:62305 - R:localhost/127.0.0.1:11030]
04:20:39.849 [Forwarding getCurrentUrl on session ebd78358ff1594d2f04dc77a62e9b358 to remote] DEBUG org.asynchttpclient.netty.request.NettyRequestSender - Using pooled Channel '[id: 0x3ec6bac5, L:/127.0.0.1:62305 - R:localhost/127.0.0.1:11030]' for 'GET' to 'http://localhost:11030/session/ebd78358ff1594d2f04dc77a62e9b358/url'
04:20:39.849 [Forwarding getCurrentUrl on session ebd78358ff1594d2f04dc77a62e9b358 to remote] DEBUG org.asynchttpclient.netty.request.NettyRequestSender - Using open Channel [id: 0x3ec6bac5, L:/127.0.0.1:62305 - R:localhost/127.0.0.1:11030] for GET '/session/ebd78358ff1594d2f04dc77a62e9b358/url'
04:20:39.850 [AsyncHttpClient-1-2] DEBUG org.asynchttpclient.netty.handler.HttpHandler - 

Request DefaultFullHttpRequest(decodeResult: success, version: HTTP/1.1, content: EmptyByteBufBE)
GET /session/ebd78358ff1594d2f04dc77a62e9b358/url HTTP/1.1
User-Agent: selenium/4.8.1 (java mac)
Cache-Control: no-cache
Content-Type: application/json; charset=utf-8
host: localhost:11030
accept: */*

Response DefaultHttpResponse(decodeResult: success, version: HTTP/1.1)
HTTP/1.1 200 OK
Content-Length: 38
Content-Type: application/json; charset=utf-8
cache-control: no-cache

04:20:39.850 [AsyncHttpClient-1-2] DEBUG org.asynchttpclient.netty.channel.ChannelManager - Adding key: http://localhost:11030 for channel [id: 0x3ec6bac5, L:/127.0.0.1:62305 - R:localhost/127.0.0.1:11030]
04:20:39.856 [Forwarding getPageSource on session ebd78358ff1594d2f04dc77a62e9b358 to remote] DEBUG org.asynchttpclient.netty.request.NettyRequestSender - Using pooled Channel '[id: 0x3ec6bac5, L:/127.0.0.1:62305 - R:localhost/127.0.0.1:11030]' for 'POST' to 'http://localhost:11030/session/ebd78358ff1594d2f04dc77a62e9b358/execute/sync'
04:20:39.857 [Forwarding getPageSource on session ebd78358ff1594d2f04dc77a62e9b358 to remote] DEBUG org.asynchttpclient.netty.request.NettyRequestSender - Using open Channel [id: 0x3ec6bac5, L:/127.0.0.1:62305 - R:localhost/127.0.0.1:11030] for POST '/session/ebd78358ff1594d2f04dc77a62e9b358/execute/sync'
04:20:39.859 [AsyncHttpClient-1-2] DEBUG org.asynchttpclient.netty.handler.HttpHandler - 

Request DefaultHttpRequest(decodeResult: success, version: HTTP/1.1)
POST /session/ebd78358ff1594d2f04dc77a62e9b358/execute/sync HTTP/1.1
User-Agent: selenium/4.8.1 (java mac)
Content-Length: 176
Content-Type: application/json; charset=utf-8
host: localhost:11030
accept: */*

Response DefaultHttpResponse(decodeResult: success, version: HTTP/1.1)
HTTP/1.1 200 OK
Content-Length: 4286
Content-Type: application/json; charset=utf-8
cache-control: no-cache

04:20:39.859 [AsyncHttpClient-1-2] DEBUG org.asynchttpclient.netty.channel.ChannelManager - Adding key: http://localhost:11030 for channel [id: 0x3ec6bac5, L:/127.0.0.1:62305 - R:localhost/127.0.0.1:11030]
04:20:39.860 [Forwarding getCurrentUrl on session ebd78358ff1594d2f04dc77a62e9b358 to remote] DEBUG org.asynchttpclient.netty.request.NettyRequestSender - Using pooled Channel '[id: 0x3ec6bac5, L:/127.0.0.1:62305 - R:localhost/127.0.0.1:11030]' for 'GET' to 'http://localhost:11030/session/ebd78358ff1594d2f04dc77a62e9b358/url'
04:20:39.860 [Forwarding getCurrentUrl on session ebd78358ff1594d2f04dc77a62e9b358 to remote] DEBUG org.asynchttpclient.netty.request.NettyRequestSender - Using open Channel [id: 0x3ec6bac5, L:/127.0.0.1:62305 - R:localhost/127.0.0.1:11030] for GET '/session/ebd78358ff1594d2f04dc77a62e9b358/url'
04:20:39.862 [AsyncHttpClient-1-2] DEBUG org.asynchttpclient.netty.handler.HttpHandler - 

Request DefaultFullHttpRequest(decodeResult: success, version: HTTP/1.1, content: EmptyByteBufBE)
GET /session/ebd78358ff1594d2f04dc77a62e9b358/url HTTP/1.1
User-Agent: selenium/4.8.1 (java mac)
Cache-Control: no-cache
Content-Type: application/json; charset=utf-8
host: localhost:11030
accept: */*

Response DefaultHttpResponse(decodeResult: success, version: HTTP/1.1)
HTTP/1.1 200 OK
Content-Length: 38
Content-Type: application/json; charset=utf-8
cache-control: no-cache

04:20:39.862 [AsyncHttpClient-1-2] DEBUG org.asynchttpclient.netty.channel.ChannelManager - Adding key: http://localhost:11030 for channel [id: 0x3ec6bac5, L:/127.0.0.1:62305 - R:localhost/127.0.0.1:11030]
04:20:39.862 [main] DEBUG net.thucydides.core.steps.StepInterceptor - STARTING STEP: LoginSteps.iEnterValidUsername - inputUsername
04:20:39.864 [Forwarding findElement on session ebd78358ff1594d2f04dc77a62e9b358 to remote] DEBUG org.asynchttpclient.netty.request.NettyRequestSender - Using pooled Channel '[id: 0x3ec6bac5, L:/127.0.0.1:62305 - R:localhost/127.0.0.1:11030]' for 'POST' to 'http://localhost:11030/session/ebd78358ff1594d2f04dc77a62e9b358/element'
04:20:39.864 [Forwarding findElement on session ebd78358ff1594d2f04dc77a62e9b358 to remote] DEBUG org.asynchttpclient.netty.request.NettyRequestSender - Using open Channel [id: 0x3ec6bac5, L:/127.0.0.1:62305 - R:localhost/127.0.0.1:11030] for POST '/session/ebd78358ff1594d2f04dc77a62e9b358/element'
04:20:39.906 [AsyncHttpClient-1-2] DEBUG org.asynchttpclient.netty.handler.HttpHandler - 

Request DefaultHttpRequest(decodeResult: success, version: HTTP/1.1)
POST /session/ebd78358ff1594d2f04dc77a62e9b358/element HTTP/1.1
User-Agent: selenium/4.8.1 (java mac)
Content-Length: 56
Content-Type: application/json; charset=utf-8
host: localhost:11030
accept: */*

Response DefaultHttpResponse(decodeResult: success, version: HTTP/1.1)
HTTP/1.1 200 OK
Content-Length: 88
Content-Type: application/json; charset=utf-8
cache-control: no-cache

04:20:39.906 [AsyncHttpClient-1-2] DEBUG org.asynchttpclient.netty.channel.ChannelManager - Adding key: http://localhost:11030 for channel [id: 0x3ec6bac5, L:/127.0.0.1:62305 - R:localhost/127.0.0.1:11030]
04:20:39.908 [Forwarding clearElement on session ebd78358ff1594d2f04dc77a62e9b358 to remote] DEBUG org.asynchttpclient.netty.request.NettyRequestSender - Using pooled Channel '[id: 0x3ec6bac5, L:/127.0.0.1:62305 - R:localhost/127.0.0.1:11030]' for 'POST' to 'http://localhost:11030/session/ebd78358ff1594d2f04dc77a62e9b358/element/6dce03ec-6531-4a1c-91f0-5b1ffc071f35/clear'
04:20:39.908 [Forwarding clearElement on session ebd78358ff1594d2f04dc77a62e9b358 to remote] DEBUG org.asynchttpclient.netty.request.NettyRequestSender - Using open Channel [id: 0x3ec6bac5, L:/127.0.0.1:62305 - R:localhost/127.0.0.1:11030] for POST '/session/ebd78358ff1594d2f04dc77a62e9b358/element/6dce03ec-6531-4a1c-91f0-5b1ffc071f35/clear'
04:20:39.932 [AsyncHttpClient-1-2] DEBUG org.asynchttpclient.netty.handler.HttpHandler - 

Request DefaultHttpRequest(decodeResult: success, version: HTTP/1.1)
POST /session/ebd78358ff1594d2f04dc77a62e9b358/element/6dce03ec-6531-4a1c-91f0-5b1ffc071f35/clear HTTP/1.1
User-Agent: selenium/4.8.1 (java mac)
Content-Length: 50
Content-Type: application/json; charset=utf-8
host: localhost:11030
accept: */*

Response DefaultHttpResponse(decodeResult: success, version: HTTP/1.1)
HTTP/1.1 200 OK
Content-Length: 14
Content-Type: application/json; charset=utf-8
cache-control: no-cache

04:20:39.933 [AsyncHttpClient-1-2] DEBUG org.asynchttpclient.netty.channel.ChannelManager - Adding key: http://localhost:11030 for channel [id: 0x3ec6bac5, L:/127.0.0.1:62305 - R:localhost/127.0.0.1:11030]
04:20:39.934 [Forwarding sendKeysToElement on session ebd78358ff1594d2f04dc77a62e9b358 to remote] DEBUG org.asynchttpclient.netty.request.NettyRequestSender - Using pooled Channel '[id: 0x3ec6bac5, L:/127.0.0.1:62305 - R:localhost/127.0.0.1:11030]' for 'POST' to 'http://localhost:11030/session/ebd78358ff1594d2f04dc77a62e9b358/element/6dce03ec-6531-4a1c-91f0-5b1ffc071f35/value'
04:20:39.934 [Forwarding sendKeysToElement on session ebd78358ff1594d2f04dc77a62e9b358 to remote] DEBUG org.asynchttpclient.netty.request.NettyRequestSender - Using open Channel [id: 0x3ec6bac5, L:/127.0.0.1:62305 - R:localhost/127.0.0.1:11030] for POST '/session/ebd78358ff1594d2f04dc77a62e9b358/element/6dce03ec-6531-4a1c-91f0-5b1ffc071f35/value'
04:20:40.196 [AsyncHttpClient-1-1] DEBUG org.asynchttpclient.netty.channel.DefaultChannelPool - Entry count for : http://localhost:62306 : 1
04:20:40.283 [AsyncHttpClient-1-2] DEBUG org.asynchttpclient.netty.handler.HttpHandler - 

Request DefaultHttpRequest(decodeResult: success, version: HTTP/1.1)
POST /session/ebd78358ff1594d2f04dc77a62e9b358/element/6dce03ec-6531-4a1c-91f0-5b1ffc071f35/value HTTP/1.1
User-Agent: selenium/4.8.1 (java mac)
Content-Length: 211
Content-Type: application/json; charset=utf-8
host: localhost:11030
accept: */*

Response DefaultHttpResponse(decodeResult: success, version: HTTP/1.1)
HTTP/1.1 200 OK
Content-Length: 14
Content-Type: application/json; charset=utf-8
cache-control: no-cache

04:20:40.283 [AsyncHttpClient-1-2] DEBUG org.asynchttpclient.netty.channel.ChannelManager - Adding key: http://localhost:11030 for channel [id: 0x3ec6bac5, L:/127.0.0.1:62305 - R:localhost/127.0.0.1:11030]
04:20:40.287 [Forwarding getAlertText on session ebd78358ff1594d2f04dc77a62e9b358 to remote] DEBUG org.asynchttpclient.netty.request.NettyRequestSender - Using pooled Channel '[id: 0x3ec6bac5, L:/127.0.0.1:62305 - R:localhost/127.0.0.1:11030]' for 'GET' to 'http://localhost:11030/session/ebd78358ff1594d2f04dc77a62e9b358/alert/text'
04:20:40.287 [Forwarding getAlertText on session ebd78358ff1594d2f04dc77a62e9b358 to remote] DEBUG org.asynchttpclient.netty.request.NettyRequestSender - Using open Channel [id: 0x3ec6bac5, L:/127.0.0.1:62305 - R:localhost/127.0.0.1:11030] for GET '/session/ebd78358ff1594d2f04dc77a62e9b358/alert/text'
04:20:40.288 [AsyncHttpClient-1-2] DEBUG org.asynchttpclient.netty.handler.HttpHandler - 

Request DefaultFullHttpRequest(decodeResult: success, version: HTTP/1.1, content: EmptyByteBufBE)
GET /session/ebd78358ff1594d2f04dc77a62e9b358/alert/text HTTP/1.1
User-Agent: selenium/4.8.1 (java mac)
Cache-Control: no-cache
Content-Type: application/json; charset=utf-8
host: localhost:11030
accept: */*

Response DefaultHttpResponse(decodeResult: success, version: HTTP/1.1)
HTTP/1.1 404 Not Found
Content-Length: 1762
Content-Type: application/json; charset=utf-8
cache-control: no-cache

04:20:40.288 [AsyncHttpClient-1-2] DEBUG org.asynchttpclient.netty.channel.ChannelManager - Adding key: http://localhost:11030 for channel [id: 0x3ec6bac5, L:/127.0.0.1:62305 - R:localhost/127.0.0.1:11030]
04:20:40.289 [Forwarding getCurrentUrl on session ebd78358ff1594d2f04dc77a62e9b358 to remote] DEBUG org.asynchttpclient.netty.request.NettyRequestSender - Using pooled Channel '[id: 0x3ec6bac5, L:/127.0.0.1:62305 - R:localhost/127.0.0.1:11030]' for 'GET' to 'http://localhost:11030/session/ebd78358ff1594d2f04dc77a62e9b358/url'
04:20:40.289 [Forwarding getCurrentUrl on session ebd78358ff1594d2f04dc77a62e9b358 to remote] DEBUG org.asynchttpclient.netty.request.NettyRequestSender - Using open Channel [id: 0x3ec6bac5, L:/127.0.0.1:62305 - R:localhost/127.0.0.1:11030] for GET '/session/ebd78358ff1594d2f04dc77a62e9b358/url'
04:20:40.291 [AsyncHttpClient-1-2] DEBUG org.asynchttpclient.netty.handler.HttpHandler - 

Request DefaultFullHttpRequest(decodeResult: success, version: HTTP/1.1, content: EmptyByteBufBE)
GET /session/ebd78358ff1594d2f04dc77a62e9b358/url HTTP/1.1
User-Agent: selenium/4.8.1 (java mac)
Cache-Control: no-cache
Content-Type: application/json; charset=utf-8
host: localhost:11030
accept: */*

Response DefaultHttpResponse(decodeResult: success, version: HTTP/1.1)
HTTP/1.1 200 OK
Content-Length: 38
Content-Type: application/json; charset=utf-8
cache-control: no-cache

04:20:40.292 [AsyncHttpClient-1-2] DEBUG org.asynchttpclient.netty.channel.ChannelManager - Adding key: http://localhost:11030 for channel [id: 0x3ec6bac5, L:/127.0.0.1:62305 - R:localhost/127.0.0.1:11030]
04:20:40.292 [Forwarding screenshot on session ebd78358ff1594d2f04dc77a62e9b358 to remote] DEBUG org.asynchttpclient.netty.request.NettyRequestSender - Using pooled Channel '[id: 0x3ec6bac5, L:/127.0.0.1:62305 - R:localhost/127.0.0.1:11030]' for 'GET' to 'http://localhost:11030/session/ebd78358ff1594d2f04dc77a62e9b358/screenshot'
04:20:40.292 [Forwarding screenshot on session ebd78358ff1594d2f04dc77a62e9b358 to remote] DEBUG org.asynchttpclient.netty.request.NettyRequestSender - Using open Channel [id: 0x3ec6bac5, L:/127.0.0.1:62305 - R:localhost/127.0.0.1:11030] for GET '/session/ebd78358ff1594d2f04dc77a62e9b358/screenshot'
04:20:40.533 [AsyncHttpClient-1-2] DEBUG org.asynchttpclient.netty.handler.HttpHandler - 

Request DefaultFullHttpRequest(decodeResult: success, version: HTTP/1.1, content: EmptyByteBufBE)
GET /session/ebd78358ff1594d2f04dc77a62e9b358/screenshot HTTP/1.1
User-Agent: selenium/4.8.1 (java mac)
Cache-Control: no-cache
Content-Type: application/json; charset=utf-8
host: localhost:11030
accept: */*

Response DefaultHttpResponse(decodeResult: success, version: HTTP/1.1)
HTTP/1.1 200 OK
Content-Length: 101764
Content-Type: application/json; charset=utf-8
cache-control: no-cache

04:20:40.534 [AsyncHttpClient-1-2] DEBUG org.asynchttpclient.netty.channel.ChannelManager - Adding key: http://localhost:11030 for channel [id: 0x3ec6bac5, L:/127.0.0.1:62305 - R:localhost/127.0.0.1:11030]
04:20:40.537 [main] DEBUG net.serenitybdd.core.photography.Darkroom - Send negative for processing for target/site/serenity/5bfa7dd7ba772fc593bc725f0d233ffc3ce2b0e3eb9f3a6bc413f786cd06e029.png
04:20:40.537 [Darkroom Processing Line] DEBUG net.serenitybdd.core.photography.DarkroomProcessingLine - Processing screenshot image in /var/screenshots/screenshot-4348713925049298947
04:20:40.537 [Darkroom Processing Line] DEBUG net.serenitybdd.core.photography.DarkroomProcessingLine - Saving screenshot to target/site/serenity/5bfa7dd7ba772fc593bc725f0d233ffc3ce2b0e3eb9f3a6bc413f786cd06e029.png
04:20:40.537 [main] DEBUG net.thucydides.core.steps.StepInterceptor - STEP DONE: inputUsername
  &amp#27;[32mWhen &amp#27;[0m&amp#27;[32mI enter valid username&amp#27;[0m                                     &amp#27;[90m# starter.stepdef.LoginSteps.iEnterValidUsername()&amp#27;[0m
04:20:40.541 [Forwarding getPageSource on session ebd78358ff1594d2f04dc77a62e9b358 to remote] DEBUG org.asynchttpclient.netty.request.NettyRequestSender - Using pooled Channel '[id: 0x3ec6bac5, L:/127.0.0.1:62305 - R:localhost/127.0.0.1:11030]' for 'POST' to 'http://localhost:11030/session/ebd78358ff1594d2f04dc77a62e9b358/execute/sync'
04:20:40.542 [Forwarding getPageSource on session ebd78358ff1594d2f04dc77a62e9b358 to remote] DEBUG org.asynchttpclient.netty.request.NettyRequestSender - Using open Channel [id: 0x3ec6bac5, L:/127.0.0.1:62305 - R:localhost/127.0.0.1:11030] for POST '/session/ebd78358ff1594d2f04dc77a62e9b358/execute/sync'
04:20:40.544 [AsyncHttpClient-1-2] DEBUG org.asynchttpclient.netty.handler.HttpHandler - 

Request DefaultHttpRequest(decodeResult: success, version: HTTP/1.1)
POST /session/ebd78358ff1594d2f04dc77a62e9b358/execute/sync HTTP/1.1
User-Agent: selenium/4.8.1 (java mac)
Content-Length: 176
Content-Type: application/json; charset=utf-8
host: localhost:11030
accept: */*

Response DefaultHttpResponse(decodeResult: success, version: HTTP/1.1)
HTTP/1.1 200 OK
Content-Length: 4299
Content-Type: application/json; charset=utf-8
cache-control: no-cache

04:20:40.544 [AsyncHttpClient-1-2] DEBUG org.asynchttpclient.netty.channel.ChannelManager - Adding key: http://localhost:11030 for channel [id: 0x3ec6bac5, L:/127.0.0.1:62305 - R:localhost/127.0.0.1:11030]
04:20:40.545 [Forwarding getCurrentUrl on session ebd78358ff1594d2f04dc77a62e9b358 to remote] DEBUG org.asynchttpclient.netty.request.NettyRequestSender - Using pooled Channel '[id: 0x3ec6bac5, L:/127.0.0.1:62305 - R:localhost/127.0.0.1:11030]' for 'GET' to 'http://localhost:11030/session/ebd78358ff1594d2f04dc77a62e9b358/url'
04:20:40.545 [Forwarding getCurrentUrl on session ebd78358ff1594d2f04dc77a62e9b358 to remote] DEBUG org.asynchttpclient.netty.request.NettyRequestSender - Using open Channel [id: 0x3ec6bac5, L:/127.0.0.1:62305 - R:localhost/127.0.0.1:11030] for GET '/session/ebd78358ff1594d2f04dc77a62e9b358/url'
04:20:40.547 [AsyncHttpClient-1-2] DEBUG org.asynchttpclient.netty.handler.HttpHandler - 

Request DefaultFullHttpRequest(decodeResult: success, version: HTTP/1.1, content: EmptyByteBufBE)
GET /session/ebd78358ff1594d2f04dc77a62e9b358/url HTTP/1.1
User-Agent: selenium/4.8.1 (java mac)
Cache-Control: no-cache
Content-Type: application/json; charset=utf-8
host: localhost:11030
accept: */*

Response DefaultHttpResponse(decodeResult: success, version: HTTP/1.1)
HTTP/1.1 200 OK
Content-Length: 38
Content-Type: application/json; charset=utf-8
cache-control: no-cache

04:20:40.547 [AsyncHttpClient-1-2] DEBUG org.asynchttpclient.netty.channel.ChannelManager - Adding key: http://localhost:11030 for channel [id: 0x3ec6bac5, L:/127.0.0.1:62305 - R:localhost/127.0.0.1:11030]
04:20:40.551 [Forwarding getPageSource on session ebd78358ff1594d2f04dc77a62e9b358 to remote] DEBUG org.asynchttpclient.netty.request.NettyRequestSender - Using pooled Channel '[id: 0x3ec6bac5, L:/127.0.0.1:62305 - R:localhost/127.0.0.1:11030]' for 'POST' to 'http://localhost:11030/session/ebd78358ff1594d2f04dc77a62e9b358/execute/sync'
04:20:40.551 [Forwarding getPageSource on session ebd78358ff1594d2f04dc77a62e9b358 to remote] DEBUG org.asynchttpclient.netty.request.NettyRequestSender - Using open Channel [id: 0x3ec6bac5, L:/127.0.0.1:62305 - R:localhost/127.0.0.1:11030] for POST '/session/ebd78358ff1594d2f04dc77a62e9b358/execute/sync'
04:20:40.554 [AsyncHttpClient-1-2] DEBUG org.asynchttpclient.netty.handler.HttpHandler - 

Request DefaultHttpRequest(decodeResult: success, version: HTTP/1.1)
POST /session/ebd78358ff1594d2f04dc77a62e9b358/execute/sync HTTP/1.1
User-Agent: selenium/4.8.1 (java mac)
Content-Length: 176
Content-Type: application/json; charset=utf-8
host: localhost:11030
accept: */*

Response DefaultHttpResponse(decodeResult: success, version: HTTP/1.1)
HTTP/1.1 200 OK
Content-Length: 4299
Content-Type: application/json; charset=utf-8
cache-control: no-cache

04:20:40.554 [AsyncHttpClient-1-2] DEBUG org.asynchttpclient.netty.channel.ChannelManager - Adding key: http://localhost:11030 for channel [id: 0x3ec6bac5, L:/127.0.0.1:62305 - R:localhost/127.0.0.1:11030]
04:20:40.555 [Forwarding getCurrentUrl on session ebd78358ff1594d2f04dc77a62e9b358 to remote] DEBUG org.asynchttpclient.netty.request.NettyRequestSender - Using pooled Channel '[id: 0x3ec6bac5, L:/127.0.0.1:62305 - R:localhost/127.0.0.1:11030]' for 'GET' to 'http://localhost:11030/session/ebd78358ff1594d2f04dc77a62e9b358/url'
04:20:40.555 [Forwarding getCurrentUrl on session ebd78358ff1594d2f04dc77a62e9b358 to remote] DEBUG org.asynchttpclient.netty.request.NettyRequestSender - Using open Channel [id: 0x3ec6bac5, L:/127.0.0.1:62305 - R:localhost/127.0.0.1:11030] for GET '/session/ebd78358ff1594d2f04dc77a62e9b358/url'
04:20:40.556 [AsyncHttpClient-1-2] DEBUG org.asynchttpclient.netty.handler.HttpHandler - 

Request DefaultFullHttpRequest(decodeResult: success, version: HTTP/1.1, content: EmptyByteBufBE)
GET /session/ebd78358ff1594d2f04dc77a62e9b358/url HTTP/1.1
User-Agent: selenium/4.8.1 (java mac)
Cache-Control: no-cache
Content-Type: application/json; charset=utf-8
host: localhost:11030
accept: */*

Response DefaultHttpResponse(decodeResult: success, version: HTTP/1.1)
HTTP/1.1 200 OK
Content-Length: 38
Content-Type: application/json; charset=utf-8
cache-control: no-cache

04:20:40.556 [AsyncHttpClient-1-2] DEBUG org.asynchttpclient.netty.channel.ChannelManager - Adding key: http://localhost:11030 for channel [id: 0x3ec6bac5, L:/127.0.0.1:62305 - R:localhost/127.0.0.1:11030]
04:20:40.557 [main] DEBUG net.thucydides.core.steps.StepInterceptor - STARTING STEP: LoginSteps.iEnterValidPassword - inputPassword
04:20:40.558 [Forwarding findElement on session ebd78358ff1594d2f04dc77a62e9b358 to remote] DEBUG org.asynchttpclient.netty.request.NettyRequestSender - Using pooled Channel '[id: 0x3ec6bac5, L:/127.0.0.1:62305 - R:localhost/127.0.0.1:11030]' for 'POST' to 'http://localhost:11030/session/ebd78358ff1594d2f04dc77a62e9b358/element'
04:20:40.558 [Forwarding findElement on session ebd78358ff1594d2f04dc77a62e9b358 to remote] DEBUG org.asynchttpclient.netty.request.NettyRequestSender - Using open Channel [id: 0x3ec6bac5, L:/127.0.0.1:62305 - R:localhost/127.0.0.1:11030] for POST '/session/ebd78358ff1594d2f04dc77a62e9b358/element'
04:20:40.564 [AsyncHttpClient-1-2] DEBUG org.asynchttpclient.netty.handler.HttpHandler - 

Request DefaultHttpRequest(decodeResult: success, version: HTTP/1.1)
POST /session/ebd78358ff1594d2f04dc77a62e9b358/element HTTP/1.1
User-Agent: selenium/4.8.1 (java mac)
Content-Length: 53
Content-Type: application/json; charset=utf-8
host: localhost:11030
accept: */*

Response DefaultHttpResponse(decodeResult: success, version: HTTP/1.1)
HTTP/1.1 200 OK
Content-Length: 88
Content-Type: application/json; charset=utf-8
cache-control: no-cache

04:20:40.565 [AsyncHttpClient-1-2] DEBUG org.asynchttpclient.netty.channel.ChannelManager - Adding key: http://localhost:11030 for channel [id: 0x3ec6bac5, L:/127.0.0.1:62305 - R:localhost/127.0.0.1:11030]
04:20:40.565 [Forwarding clearElement on session ebd78358ff1594d2f04dc77a62e9b358 to remote] DEBUG org.asynchttpclient.netty.request.NettyRequestSender - Using pooled Channel '[id: 0x3ec6bac5, L:/127.0.0.1:62305 - R:localhost/127.0.0.1:11030]' for 'POST' to 'http://localhost:11030/session/ebd78358ff1594d2f04dc77a62e9b358/element/5ecb2f54-4fd6-4f1c-9de3-11e0565a23f2/clear'
04:20:40.565 [Forwarding clearElement on session ebd78358ff1594d2f04dc77a62e9b358 to remote] DEBUG org.asynchttpclient.netty.request.NettyRequestSender - Using open Channel [id: 0x3ec6bac5, L:/127.0.0.1:62305 - R:localhost/127.0.0.1:11030] for POST '/session/ebd78358ff1594d2f04dc77a62e9b358/element/5ecb2f54-4fd6-4f1c-9de3-11e0565a23f2/clear'
04:20:40.581 [AsyncHttpClient-1-2] DEBUG org.asynchttpclient.netty.handler.HttpHandler - 

Request DefaultHttpRequest(decodeResult: success, version: HTTP/1.1)
POST /session/ebd78358ff1594d2f04dc77a62e9b358/element/5ecb2f54-4fd6-4f1c-9de3-11e0565a23f2/clear HTTP/1.1
User-Agent: selenium/4.8.1 (java mac)
Content-Length: 50
Content-Type: application/json; charset=utf-8
host: localhost:11030
accept: */*

Response DefaultHttpResponse(decodeResult: success, version: HTTP/1.1)
HTTP/1.1 200 OK
Content-Length: 14
Content-Type: application/json; charset=utf-8
cache-control: no-cache

04:20:40.581 [AsyncHttpClient-1-2] DEBUG org.asynchttpclient.netty.channel.ChannelManager - Adding key: http://localhost:11030 for channel [id: 0x3ec6bac5, L:/127.0.0.1:62305 - R:localhost/127.0.0.1:11030]
04:20:40.582 [Forwarding sendKeysToElement on session ebd78358ff1594d2f04dc77a62e9b358 to remote] DEBUG org.asynchttpclient.netty.request.NettyRequestSender - Using pooled Channel '[id: 0x3ec6bac5, L:/127.0.0.1:62305 - R:localhost/127.0.0.1:11030]' for 'POST' to 'http://localhost:11030/session/ebd78358ff1594d2f04dc77a62e9b358/element/5ecb2f54-4fd6-4f1c-9de3-11e0565a23f2/value'
04:20:40.582 [Forwarding sendKeysToElement on session ebd78358ff1594d2f04dc77a62e9b358 to remote] DEBUG org.asynchttpclient.netty.request.NettyRequestSender - Using open Channel [id: 0x3ec6bac5, L:/127.0.0.1:62305 - R:localhost/127.0.0.1:11030] for POST '/session/ebd78358ff1594d2f04dc77a62e9b358/element/5ecb2f54-4fd6-4f1c-9de3-11e0565a23f2/value'
04:20:40.667 [AsyncHttpClient-1-2] DEBUG org.asynchttpclient.netty.handler.HttpHandler - 

Request DefaultHttpRequest(decodeResult: success, version: HTTP/1.1)
POST /session/ebd78358ff1594d2f04dc77a62e9b358/element/5ecb2f54-4fd6-4f1c-9de3-11e0565a23f2/value HTTP/1.1
User-Agent: selenium/4.8.1 (java mac)
Content-Length: 201
Content-Type: application/json; charset=utf-8
host: localhost:11030
accept: */*

Response DefaultHttpResponse(decodeResult: success, version: HTTP/1.1)
HTTP/1.1 200 OK
Content-Length: 14
Content-Type: application/json; charset=utf-8
cache-control: no-cache

04:20:40.667 [AsyncHttpClient-1-2] DEBUG org.asynchttpclient.netty.channel.ChannelManager - Adding key: http://localhost:11030 for channel [id: 0x3ec6bac5, L:/127.0.0.1:62305 - R:localhost/127.0.0.1:11030]
04:20:40.670 [Forwarding getAlertText on session ebd78358ff1594d2f04dc77a62e9b358 to remote] DEBUG org.asynchttpclient.netty.request.NettyRequestSender - Using pooled Channel '[id: 0x3ec6bac5, L:/127.0.0.1:62305 - R:localhost/127.0.0.1:11030]' for 'GET' to 'http://localhost:11030/session/ebd78358ff1594d2f04dc77a62e9b358/alert/text'
04:20:40.670 [Forwarding getAlertText on session ebd78358ff1594d2f04dc77a62e9b358 to remote] DEBUG org.asynchttpclient.netty.request.NettyRequestSender - Using open Channel [id: 0x3ec6bac5, L:/127.0.0.1:62305 - R:localhost/127.0.0.1:11030] for GET '/session/ebd78358ff1594d2f04dc77a62e9b358/alert/text'
04:20:40.671 [AsyncHttpClient-1-2] DEBUG org.asynchttpclient.netty.handler.HttpHandler - 

Request DefaultFullHttpRequest(decodeResult: success, version: HTTP/1.1, content: EmptyByteBufBE)
GET /session/ebd78358ff1594d2f04dc77a62e9b358/alert/text HTTP/1.1
User-Agent: selenium/4.8.1 (java mac)
Cache-Control: no-cache
Content-Type: application/json; charset=utf-8
host: localhost:11030
accept: */*

Response DefaultHttpResponse(decodeResult: success, version: HTTP/1.1)
HTTP/1.1 404 Not Found
Content-Length: 1762
Content-Type: application/json; charset=utf-8
cache-control: no-cache

04:20:40.671 [AsyncHttpClient-1-2] DEBUG org.asynchttpclient.netty.channel.ChannelManager - Adding key: http://localhost:11030 for channel [id: 0x3ec6bac5, L:/127.0.0.1:62305 - R:localhost/127.0.0.1:11030]
04:20:40.672 [Forwarding getCurrentUrl on session ebd78358ff1594d2f04dc77a62e9b358 to remote] DEBUG org.asynchttpclient.netty.request.NettyRequestSender - Using pooled Channel '[id: 0x3ec6bac5, L:/127.0.0.1:62305 - R:localhost/127.0.0.1:11030]' for 'GET' to 'http://localhost:11030/session/ebd78358ff1594d2f04dc77a62e9b358/url'
04:20:40.672 [Forwarding getCurrentUrl on session ebd78358ff1594d2f04dc77a62e9b358 to remote] DEBUG org.asynchttpclient.netty.request.NettyRequestSender - Using open Channel [id: 0x3ec6bac5, L:/127.0.0.1:62305 - R:localhost/127.0.0.1:11030] for GET '/session/ebd78358ff1594d2f04dc77a62e9b358/url'
04:20:40.675 [AsyncHttpClient-1-2] DEBUG org.asynchttpclient.netty.handler.HttpHandler - 

Request DefaultFullHttpRequest(decodeResult: success, version: HTTP/1.1, content: EmptyByteBufBE)
GET /session/ebd78358ff1594d2f04dc77a62e9b358/url HTTP/1.1
User-Agent: selenium/4.8.1 (java mac)
Cache-Control: no-cache
Content-Type: application/json; charset=utf-8
host: localhost:11030
accept: */*

Response DefaultHttpResponse(decodeResult: success, version: HTTP/1.1)
HTTP/1.1 200 OK
Content-Length: 38
Content-Type: application/json; charset=utf-8
cache-control: no-cache

04:20:40.675 [AsyncHttpClient-1-2] DEBUG org.asynchttpclient.netty.channel.ChannelManager - Adding key: http://localhost:11030 for channel [id: 0x3ec6bac5, L:/127.0.0.1:62305 - R:localhost/127.0.0.1:11030]
04:20:40.676 [Forwarding screenshot on session ebd78358ff1594d2f04dc77a62e9b358 to remote] DEBUG org.asynchttpclient.netty.request.NettyRequestSender - Using pooled Channel '[id: 0x3ec6bac5, L:/127.0.0.1:62305 - R:localhost/127.0.0.1:11030]' for 'GET' to 'http://localhost:11030/session/ebd78358ff1594d2f04dc77a62e9b358/screenshot'
04:20:40.676 [Forwarding screenshot on session ebd78358ff1594d2f04dc77a62e9b358 to remote] DEBUG org.asynchttpclient.netty.request.NettyRequestSender - Using open Channel [id: 0x3ec6bac5, L:/127.0.0.1:62305 - R:localhost/127.0.0.1:11030] for GET '/session/ebd78358ff1594d2f04dc77a62e9b358/screenshot'
04:20:40.906 [AsyncHttpClient-1-2] DEBUG org.asynchttpclient.netty.handler.HttpHandler - 

Request DefaultFullHttpRequest(decodeResult: success, version: HTTP/1.1, content: EmptyByteBufBE)
GET /session/ebd78358ff1594d2f04dc77a62e9b358/screenshot HTTP/1.1
User-Agent: selenium/4.8.1 (java mac)
Cache-Control: no-cache
Content-Type: application/json; charset=utf-8
host: localhost:11030
accept: */*

Response DefaultHttpResponse(decodeResult: success, version: HTTP/1.1)
HTTP/1.1 200 OK
Content-Length: 98592
Content-Type: application/json; charset=utf-8
cache-control: no-cache

04:20:40.907 [AsyncHttpClient-1-2] DEBUG org.asynchttpclient.netty.channel.ChannelManager - Adding key: http://localhost:11030 for channel [id: 0x3ec6bac5, L:/127.0.0.1:62305 - R:localhost/127.0.0.1:11030]
04:20:40.909 [main] DEBUG net.serenitybdd.core.photography.Darkroom - Send negative for processing for target/site/serenity/fb99842220f0210316940bc70327064aab91881885eb73450c3de61547e150e2.png
04:20:40.909 [Darkroom Processing Line] DEBUG net.serenitybdd.core.photography.DarkroomProcessingLine - Processing screenshot image in /var/screenshots/screenshot-4757435793653732142
04:20:40.909 [Darkroom Processing Line] DEBUG net.serenitybdd.core.photography.DarkroomProcessingLine - Saving screenshot to target/site/serenity/fb99842220f0210316940bc70327064aab91881885eb73450c3de61547e150e2.png
04:20:40.909 [main] DEBUG net.thucydides.core.steps.StepInterceptor - STEP DONE: inputPassword
  &amp#27;[32mAnd &amp#27;[0m&amp#27;[32mI enter valid password&amp#27;[0m                                      &amp#27;[90m# starter.stepdef.LoginSteps.iEnterValidPassword()&amp#27;[0m
04:20:40.913 [Forwarding getPageSource on session ebd78358ff1594d2f04dc77a62e9b358 to remote] DEBUG org.asynchttpclient.netty.request.NettyRequestSender - Using pooled Channel '[id: 0x3ec6bac5, L:/127.0.0.1:62305 - R:localhost/127.0.0.1:11030]' for 'POST' to 'http://localhost:11030/session/ebd78358ff1594d2f04dc77a62e9b358/execute/sync'
04:20:40.913 [Forwarding getPageSource on session ebd78358ff1594d2f04dc77a62e9b358 to remote] DEBUG org.asynchttpclient.netty.request.NettyRequestSender - Using open Channel [id: 0x3ec6bac5, L:/127.0.0.1:62305 - R:localhost/127.0.0.1:11030] for POST '/session/ebd78358ff1594d2f04dc77a62e9b358/execute/sync'
04:20:40.916 [AsyncHttpClient-1-2] DEBUG org.asynchttpclient.netty.handler.HttpHandler - 

Request DefaultHttpRequest(decodeResult: success, version: HTTP/1.1)
POST /session/ebd78358ff1594d2f04dc77a62e9b358/execute/sync HTTP/1.1
User-Agent: selenium/4.8.1 (java mac)
Content-Length: 176
Content-Type: application/json; charset=utf-8
host: localhost:11030
accept: */*

Response DefaultHttpResponse(decodeResult: success, version: HTTP/1.1)
HTTP/1.1 200 OK
Content-Length: 4311
Content-Type: application/json; charset=utf-8
cache-control: no-cache

04:20:40.916 [AsyncHttpClient-1-2] DEBUG org.asynchttpclient.netty.channel.ChannelManager - Adding key: http://localhost:11030 for channel [id: 0x3ec6bac5, L:/127.0.0.1:62305 - R:localhost/127.0.0.1:11030]
04:20:40.917 [Forwarding getCurrentUrl on session ebd78358ff1594d2f04dc77a62e9b358 to remote] DEBUG org.asynchttpclient.netty.request.NettyRequestSender - Using pooled Channel '[id: 0x3ec6bac5, L:/127.0.0.1:62305 - R:localhost/127.0.0.1:11030]' for 'GET' to 'http://localhost:11030/session/ebd78358ff1594d2f04dc77a62e9b358/url'
04:20:40.917 [Forwarding getCurrentUrl on session ebd78358ff1594d2f04dc77a62e9b358 to remote] DEBUG org.asynchttpclient.netty.request.NettyRequestSender - Using open Channel [id: 0x3ec6bac5, L:/127.0.0.1:62305 - R:localhost/127.0.0.1:11030] for GET '/session/ebd78358ff1594d2f04dc77a62e9b358/url'
04:20:40.919 [AsyncHttpClient-1-2] DEBUG org.asynchttpclient.netty.handler.HttpHandler - 

Request DefaultFullHttpRequest(decodeResult: success, version: HTTP/1.1, content: EmptyByteBufBE)
GET /session/ebd78358ff1594d2f04dc77a62e9b358/url HTTP/1.1
User-Agent: selenium/4.8.1 (java mac)
Cache-Control: no-cache
Content-Type: application/json; charset=utf-8
host: localhost:11030
accept: */*

Response DefaultHttpResponse(decodeResult: success, version: HTTP/1.1)
HTTP/1.1 200 OK
Content-Length: 38
Content-Type: application/json; charset=utf-8
cache-control: no-cache

04:20:40.919 [AsyncHttpClient-1-2] DEBUG org.asynchttpclient.netty.channel.ChannelManager - Adding key: http://localhost:11030 for channel [id: 0x3ec6bac5, L:/127.0.0.1:62305 - R:localhost/127.0.0.1:11030]
04:20:40.923 [Forwarding getPageSource on session ebd78358ff1594d2f04dc77a62e9b358 to remote] DEBUG org.asynchttpclient.netty.request.NettyRequestSender - Using pooled Channel '[id: 0x3ec6bac5, L:/127.0.0.1:62305 - R:localhost/127.0.0.1:11030]' for 'POST' to 'http://localhost:11030/session/ebd78358ff1594d2f04dc77a62e9b358/execute/sync'
04:20:40.924 [Forwarding getPageSource on session ebd78358ff1594d2f04dc77a62e9b358 to remote] DEBUG org.asynchttpclient.netty.request.NettyRequestSender - Using open Channel [id: 0x3ec6bac5, L:/127.0.0.1:62305 - R:localhost/127.0.0.1:11030] for POST '/session/ebd78358ff1594d2f04dc77a62e9b358/execute/sync'
04:20:40.926 [AsyncHttpClient-1-2] DEBUG org.asynchttpclient.netty.handler.HttpHandler - 

Request DefaultHttpRequest(decodeResult: success, version: HTTP/1.1)
POST /session/ebd78358ff1594d2f04dc77a62e9b358/execute/sync HTTP/1.1
User-Agent: selenium/4.8.1 (java mac)
Content-Length: 176
Content-Type: application/json; charset=utf-8
host: localhost:11030
accept: */*

Response DefaultHttpResponse(decodeResult: success, version: HTTP/1.1)
HTTP/1.1 200 OK
Content-Length: 4311
Content-Type: application/json; charset=utf-8
cache-control: no-cache

04:20:40.926 [AsyncHttpClient-1-2] DEBUG org.asynchttpclient.netty.channel.ChannelManager - Adding key: http://localhost:11030 for channel [id: 0x3ec6bac5, L:/127.0.0.1:62305 - R:localhost/127.0.0.1:11030]
04:20:40.928 [Forwarding getCurrentUrl on session ebd78358ff1594d2f04dc77a62e9b358 to remote] DEBUG org.asynchttpclient.netty.request.NettyRequestSender - Using pooled Channel '[id: 0x3ec6bac5, L:/127.0.0.1:62305 - R:localhost/127.0.0.1:11030]' for 'GET' to 'http://localhost:11030/session/ebd78358ff1594d2f04dc77a62e9b358/url'
04:20:40.928 [Forwarding getCurrentUrl on session ebd78358ff1594d2f04dc77a62e9b358 to remote] DEBUG org.asynchttpclient.netty.request.NettyRequestSender - Using open Channel [id: 0x3ec6bac5, L:/127.0.0.1:62305 - R:localhost/127.0.0.1:11030] for GET '/session/ebd78358ff1594d2f04dc77a62e9b358/url'
04:20:40.934 [AsyncHttpClient-1-2] DEBUG org.asynchttpclient.netty.handler.HttpHandler - 

Request DefaultFullHttpRequest(decodeResult: success, version: HTTP/1.1, content: EmptyByteBufBE)
GET /session/ebd78358ff1594d2f04dc77a62e9b358/url HTTP/1.1
User-Agent: selenium/4.8.1 (java mac)
Cache-Control: no-cache
Content-Type: application/json; charset=utf-8
host: localhost:11030
accept: */*

Response DefaultHttpResponse(decodeResult: success, version: HTTP/1.1)
HTTP/1.1 200 OK
Content-Length: 38
Content-Type: application/json; charset=utf-8
cache-control: no-cache

04:20:40.935 [AsyncHttpClient-1-2] DEBUG org.asynchttpclient.netty.channel.ChannelManager - Adding key: http://localhost:11030 for channel [id: 0x3ec6bac5, L:/127.0.0.1:62305 - R:localhost/127.0.0.1:11030]
04:20:40.935 [main] DEBUG net.thucydides.core.steps.StepInterceptor - STARTING STEP: LoginSteps.iClickLoginButton - clickButtonLogin
04:20:40.938 [Forwarding findElement on session ebd78358ff1594d2f04dc77a62e9b358 to remote] DEBUG org.asynchttpclient.netty.request.NettyRequestSender - Using pooled Channel '[id: 0x3ec6bac5, L:/127.0.0.1:62305 - R:localhost/127.0.0.1:11030]' for 'POST' to 'http://localhost:11030/session/ebd78358ff1594d2f04dc77a62e9b358/element'
04:20:40.938 [Forwarding findElement on session ebd78358ff1594d2f04dc77a62e9b358 to remote] DEBUG org.asynchttpclient.netty.request.NettyRequestSender - Using open Channel [id: 0x3ec6bac5, L:/127.0.0.1:62305 - R:localhost/127.0.0.1:11030] for POST '/session/ebd78358ff1594d2f04dc77a62e9b358/element'
04:20:40.960 [AsyncHttpClient-1-2] DEBUG org.asynchttpclient.netty.handler.HttpHandler - 

Request DefaultHttpRequest(decodeResult: success, version: HTTP/1.1)
POST /session/ebd78358ff1594d2f04dc77a62e9b358/element HTTP/1.1
User-Agent: selenium/4.8.1 (java mac)
Content-Length: 59
Content-Type: application/json; charset=utf-8
host: localhost:11030
accept: */*

Response DefaultHttpResponse(decodeResult: success, version: HTTP/1.1)
HTTP/1.1 200 OK
Content-Length: 88
Content-Type: application/json; charset=utf-8
cache-control: no-cache

04:20:40.960 [AsyncHttpClient-1-2] DEBUG org.asynchttpclient.netty.channel.ChannelManager - Adding key: http://localhost:11030 for channel [id: 0x3ec6bac5, L:/127.0.0.1:62305 - R:localhost/127.0.0.1:11030]
04:20:40.962 [Forwarding getElementTagName on session ebd78358ff1594d2f04dc77a62e9b358 to remote] DEBUG org.asynchttpclient.netty.request.NettyRequestSender - Using pooled Channel '[id: 0x3ec6bac5, L:/127.0.0.1:62305 - R:localhost/127.0.0.1:11030]' for 'GET' to 'http://localhost:11030/session/ebd78358ff1594d2f04dc77a62e9b358/element/cea34a42-ab3e-4ab9-977d-6bf29be931ff/name'
04:20:40.963 [Forwarding getElementTagName on session ebd78358ff1594d2f04dc77a62e9b358 to remote] DEBUG org.asynchttpclient.netty.request.NettyRequestSender - Using open Channel [id: 0x3ec6bac5, L:/127.0.0.1:62305 - R:localhost/127.0.0.1:11030] for GET '/session/ebd78358ff1594d2f04dc77a62e9b358/element/cea34a42-ab3e-4ab9-977d-6bf29be931ff/name'
04:20:40.967 [AsyncHttpClient-1-2] DEBUG org.asynchttpclient.netty.handler.HttpHandler - 

Request DefaultFullHttpRequest(decodeResult: success, version: HTTP/1.1, content: EmptyByteBufBE)
GET /session/ebd78358ff1594d2f04dc77a62e9b358/element/cea34a42-ab3e-4ab9-977d-6bf29be931ff/name HTTP/1.1
User-Agent: selenium/4.8.1 (java mac)
Cache-Control: no-cache
Content-Type: application/json; charset=utf-8
host: localhost:11030
accept: */*

Response DefaultHttpResponse(decodeResult: success, version: HTTP/1.1)
HTTP/1.1 200 OK
Content-Length: 17
Content-Type: application/json; charset=utf-8
cache-control: no-cache

04:20:40.967 [AsyncHttpClient-1-2] DEBUG org.asynchttpclient.netty.channel.ChannelManager - Adding key: http://localhost:11030 for channel [id: 0x3ec6bac5, L:/127.0.0.1:62305 - R:localhost/127.0.0.1:11030]
04:20:40.968 [Forwarding getElementTagName on session ebd78358ff1594d2f04dc77a62e9b358 to remote] DEBUG org.asynchttpclient.netty.request.NettyRequestSender - Using pooled Channel '[id: 0x3ec6bac5, L:/127.0.0.1:62305 - R:localhost/127.0.0.1:11030]' for 'GET' to 'http://localhost:11030/session/ebd78358ff1594d2f04dc77a62e9b358/element/cea34a42-ab3e-4ab9-977d-6bf29be931ff/name'
04:20:40.968 [Forwarding getElementTagName on session ebd78358ff1594d2f04dc77a62e9b358 to remote] DEBUG org.asynchttpclient.netty.request.NettyRequestSender - Using open Channel [id: 0x3ec6bac5, L:/127.0.0.1:62305 - R:localhost/127.0.0.1:11030] for GET '/session/ebd78358ff1594d2f04dc77a62e9b358/element/cea34a42-ab3e-4ab9-977d-6bf29be931ff/name'
04:20:40.978 [AsyncHttpClient-1-2] DEBUG org.asynchttpclient.netty.handler.HttpHandler - 

Request DefaultFullHttpRequest(decodeResult: success, version: HTTP/1.1, content: EmptyByteBufBE)
GET /session/ebd78358ff1594d2f04dc77a62e9b358/element/cea34a42-ab3e-4ab9-977d-6bf29be931ff/name HTTP/1.1
User-Agent: selenium/4.8.1 (java mac)
Cache-Control: no-cache
Content-Type: application/json; charset=utf-8
host: localhost:11030
accept: */*

Response DefaultHttpResponse(decodeResult: success, version: HTTP/1.1)
HTTP/1.1 200 OK
Content-Length: 17
Content-Type: application/json; charset=utf-8
cache-control: no-cache

04:20:40.978 [AsyncHttpClient-1-2] DEBUG org.asynchttpclient.netty.channel.ChannelManager - Adding key: http://localhost:11030 for channel [id: 0x3ec6bac5, L:/127.0.0.1:62305 - R:localhost/127.0.0.1:11030]
04:20:40.981 [Forwarding isElementEnabled on session ebd78358ff1594d2f04dc77a62e9b358 to remote] DEBUG org.asynchttpclient.netty.request.NettyRequestSender - Using pooled Channel '[id: 0x3ec6bac5, L:/127.0.0.1:62305 - R:localhost/127.0.0.1:11030]' for 'GET' to 'http://localhost:11030/session/ebd78358ff1594d2f04dc77a62e9b358/element/cea34a42-ab3e-4ab9-977d-6bf29be931ff/enabled'
04:20:40.982 [Forwarding isElementEnabled on session ebd78358ff1594d2f04dc77a62e9b358 to remote] DEBUG org.asynchttpclient.netty.request.NettyRequestSender - Using open Channel [id: 0x3ec6bac5, L:/127.0.0.1:62305 - R:localhost/127.0.0.1:11030] for GET '/session/ebd78358ff1594d2f04dc77a62e9b358/element/cea34a42-ab3e-4ab9-977d-6bf29be931ff/enabled'
04:20:40.999 [AsyncHttpClient-1-2] DEBUG org.asynchttpclient.netty.handler.HttpHandler - 

Request DefaultFullHttpRequest(decodeResult: success, version: HTTP/1.1, content: EmptyByteBufBE)
GET /session/ebd78358ff1594d2f04dc77a62e9b358/element/cea34a42-ab3e-4ab9-977d-6bf29be931ff/enabled HTTP/1.1
User-Agent: selenium/4.8.1 (java mac)
Cache-Control: no-cache
Content-Type: application/json; charset=utf-8
host: localhost:11030
accept: */*

Response DefaultHttpResponse(decodeResult: success, version: HTTP/1.1)
HTTP/1.1 200 OK
Content-Length: 14
Content-Type: application/json; charset=utf-8
cache-control: no-cache

04:20:40.999 [AsyncHttpClient-1-2] DEBUG org.asynchttpclient.netty.channel.ChannelManager - Adding key: http://localhost:11030 for channel [id: 0x3ec6bac5, L:/127.0.0.1:62305 - R:localhost/127.0.0.1:11030]
04:20:41.000 [Forwarding isElementEnabled on session ebd78358ff1594d2f04dc77a62e9b358 to remote] DEBUG org.asynchttpclient.netty.request.NettyRequestSender - Using pooled Channel '[id: 0x3ec6bac5, L:/127.0.0.1:62305 - R:localhost/127.0.0.1:11030]' for 'GET' to 'http://localhost:11030/session/ebd78358ff1594d2f04dc77a62e9b358/element/cea34a42-ab3e-4ab9-977d-6bf29be931ff/enabled'
04:20:41.001 [Forwarding isElementEnabled on session ebd78358ff1594d2f04dc77a62e9b358 to remote] DEBUG org.asynchttpclient.netty.request.NettyRequestSender - Using open Channel [id: 0x3ec6bac5, L:/127.0.0.1:62305 - R:localhost/127.0.0.1:11030] for GET '/session/ebd78358ff1594d2f04dc77a62e9b358/element/cea34a42-ab3e-4ab9-977d-6bf29be931ff/enabled'
04:20:41.011 [AsyncHttpClient-1-2] DEBUG org.asynchttpclient.netty.handler.HttpHandler - 

Request DefaultFullHttpRequest(decodeResult: success, version: HTTP/1.1, content: EmptyByteBufBE)
GET /session/ebd78358ff1594d2f04dc77a62e9b358/element/cea34a42-ab3e-4ab9-977d-6bf29be931ff/enabled HTTP/1.1
User-Agent: selenium/4.8.1 (java mac)
Cache-Control: no-cache
Content-Type: application/json; charset=utf-8
host: localhost:11030
accept: */*

Response DefaultHttpResponse(decodeResult: success, version: HTTP/1.1)
HTTP/1.1 200 OK
Content-Length: 14
Content-Type: application/json; charset=utf-8
cache-control: no-cache

04:20:41.011 [AsyncHttpClient-1-2] DEBUG org.asynchttpclient.netty.channel.ChannelManager - Adding key: http://localhost:11030 for channel [id: 0x3ec6bac5, L:/127.0.0.1:62305 - R:localhost/127.0.0.1:11030]
04:20:41.014 [Forwarding findElement on session ebd78358ff1594d2f04dc77a62e9b358 to remote] DEBUG org.asynchttpclient.netty.request.NettyRequestSender - Using pooled Channel '[id: 0x3ec6bac5, L:/127.0.0.1:62305 - R:localhost/127.0.0.1:11030]' for 'POST' to 'http://localhost:11030/session/ebd78358ff1594d2f04dc77a62e9b358/element'
04:20:41.015 [Forwarding findElement on session ebd78358ff1594d2f04dc77a62e9b358 to remote] DEBUG org.asynchttpclient.netty.request.NettyRequestSender - Using open Channel [id: 0x3ec6bac5, L:/127.0.0.1:62305 - R:localhost/127.0.0.1:11030] for POST '/session/ebd78358ff1594d2f04dc77a62e9b358/element'
04:20:41.019 [AsyncHttpClient-1-2] DEBUG org.asynchttpclient.netty.handler.HttpHandler - 

Request DefaultHttpRequest(decodeResult: success, version: HTTP/1.1)
POST /session/ebd78358ff1594d2f04dc77a62e9b358/element HTTP/1.1
User-Agent: selenium/4.8.1 (java mac)
Content-Length: 59
Content-Type: application/json; charset=utf-8
host: localhost:11030
accept: */*

Response DefaultHttpResponse(decodeResult: success, version: HTTP/1.1)
HTTP/1.1 200 OK
Content-Length: 88
Content-Type: application/json; charset=utf-8
cache-control: no-cache

04:20:41.019 [AsyncHttpClient-1-2] DEBUG org.asynchttpclient.netty.channel.ChannelManager - Adding key: http://localhost:11030 for channel [id: 0x3ec6bac5, L:/127.0.0.1:62305 - R:localhost/127.0.0.1:11030]
[...]
04:21:02.970 [AsyncHttpClient-1-8] DEBUG org.asynchttpclient.netty.handler.HttpHandler - 

Request DefaultFullHttpRequest(decodeResult: success, version: HTTP/1.1, content: EmptyByteBufBE)
GET /session/5f2b112862c52d4155b6376add39ec37/url HTTP/1.1
User-Agent: selenium/4.8.1 (java mac)
Cache-Control: no-cache
Content-Type: application/json; charset=utf-8
host: localhost:5242
accept: */*

Response DefaultHttpResponse(decodeResult: success, version: HTTP/1.1)
HTTP/1.1 200 OK
Content-Length: 52
Content-Type: application/json; charset=utf-8
cache-control: no-cache

04:21:02.970 [AsyncHttpClient-1-8] DEBUG org.asynchttpclient.netty.channel.ChannelManager - Adding key: http://localhost:5242 for channel [id: 0x404f89ca, L:/127.0.0.1:62341 - R:localhost/127.0.0.1:5242]
04:21:02.971 [Forwarding screenshot on session 5f2b112862c52d4155b6376add39ec37 to remote] DEBUG org.asynchttpclient.netty.request.NettyRequestSender - Using pooled Channel '[id: 0x404f89ca, L:/127.0.0.1:62341 - R:localhost/127.0.0.1:5242]' for 'GET' to 'http://localhost:5242/session/5f2b112862c52d4155b6376add39ec37/screenshot'
04:21:02.971 [Forwarding screenshot on session 5f2b112862c52d4155b6376add39ec37 to remote] DEBUG org.asynchttpclient.netty.request.NettyRequestSender - Using open Channel [id: 0x404f89ca, L:/127.0.0.1:62341 - R:localhost/127.0.0.1:5242] for GET '/session/5f2b112862c52d4155b6376add39ec37/screenshot'
04:21:03.293 [AsyncHttpClient-1-1] DEBUG org.asynchttpclient.netty.channel.DefaultChannelPool - Entry count for : http://localhost:62342 : 1
04:21:03.382 [AsyncHttpClient-1-8] DEBUG org.asynchttpclient.netty.handler.HttpHandler - 

Request DefaultFullHttpRequest(decodeResult: success, version: HTTP/1.1, content: EmptyByteBufBE)
GET /session/5f2b112862c52d4155b6376add39ec37/screenshot HTTP/1.1
User-Agent: selenium/4.8.1 (java mac)
Cache-Control: no-cache
Content-Type: application/json; charset=utf-8
host: localhost:5242
accept: */*

Response DefaultHttpResponse(decodeResult: success, version: HTTP/1.1)
HTTP/1.1 200 OK
Content-Length: 1112100
Content-Type: application/json; charset=utf-8
cache-control: no-cache

04:21:03.383 [AsyncHttpClient-1-8] DEBUG org.asynchttpclient.netty.channel.ChannelManager - Adding key: http://localhost:5242 for channel [id: 0x404f89ca, L:/127.0.0.1:62341 - R:localhost/127.0.0.1:5242]
04:21:03.408 [main] DEBUG net.serenitybdd.core.photography.Darkroom - Send negative for processing for target/site/serenity/940fb0e36054418f9f9e841fc0cfa4fe2cd8d48a14367ff597183ef0ca092306.png
04:21:03.408 [Darkroom Processing Line] DEBUG net.serenitybdd.core.photography.DarkroomProcessingLine - Processing screenshot image in /var/screenshots/screenshot-82764471553445852
04:21:03.408 [Darkroom Processing Line] DEBUG net.serenitybdd.core.photography.DarkroomProcessingLine - Saving screenshot to target/site/serenity/940fb0e36054418f9f9e841fc0cfa4fe2cd8d48a14367ff597183ef0ca092306.png
04:21:03.408 [main] DEBUG net.thucydides.core.steps.StepInterceptor - STEP DONE: clickButtonLogin
  &amp#27;[32mAnd &amp#27;[0m&amp#27;[32mI click login button&amp#27;[0m                                       &amp#27;[90m# starter.stepdef.LoginSteps.iClickLoginButton()&amp#27;[0m
04:21:03.411 [Forwarding getPageSource on session 5f2b112862c52d4155b6376add39ec37 to remote] DEBUG org.asynchttpclient.netty.request.NettyRequestSender - Using pooled Channel '[id: 0x404f89ca, L:/127.0.0.1:62341 - R:localhost/127.0.0.1:5242]' for 'POST' to 'http://localhost:5242/session/5f2b112862c52d4155b6376add39ec37/execute/sync'
04:21:03.411 [Forwarding getPageSource on session 5f2b112862c52d4155b6376add39ec37 to remote] DEBUG org.asynchttpclient.netty.request.NettyRequestSender - Using open Channel [id: 0x404f89ca, L:/127.0.0.1:62341 - R:localhost/127.0.0.1:5242] for POST '/session/5f2b112862c52d4155b6376add39ec37/execute/sync'
04:21:03.427 [AsyncHttpClient-1-8] DEBUG org.asynchttpclient.netty.handler.HttpHandler - 

Request DefaultHttpRequest(decodeResult: success, version: HTTP/1.1)
POST /session/5f2b112862c52d4155b6376add39ec37/execute/sync HTTP/1.1
User-Agent: selenium/4.8.1 (java mac)
Content-Length: 176
Content-Type: application/json; charset=utf-8
host: localhost:5242
accept: */*

Response DefaultHttpResponse(decodeResult: success, version: HTTP/1.1)
HTTP/1.1 200 OK
Content-Length: 16264
Content-Type: application/json; charset=utf-8
cache-control: no-cache

04:21:03.427 [AsyncHttpClient-1-8] DEBUG org.asynchttpclient.netty.channel.ChannelManager - Adding key: http://localhost:5242 for channel [id: 0x404f89ca, L:/127.0.0.1:62341 - R:localhost/127.0.0.1:5242]
04:21:03.430 [Forwarding getCurrentUrl on session 5f2b112862c52d4155b6376add39ec37 to remote] DEBUG org.asynchttpclient.netty.request.NettyRequestSender - Using pooled Channel '[id: 0x404f89ca, L:/127.0.0.1:62341 - R:localhost/127.0.0.1:5242]' for 'GET' to 'http://localhost:5242/session/5f2b112862c52d4155b6376add39ec37/url'
04:21:03.430 [Forwarding getCurrentUrl on session 5f2b112862c52d4155b6376add39ec37 to remote] DEBUG org.asynchttpclient.netty.request.NettyRequestSender - Using open Channel [id: 0x404f89ca, L:/127.0.0.1:62341 - R:localhost/127.0.0.1:5242] for GET '/session/5f2b112862c52d4155b6376add39ec37/url'
04:21:03.432 [AsyncHttpClient-1-8] DEBUG org.asynchttpclient.netty.handler.HttpHandler - 

Request DefaultFullHttpRequest(decodeResult: success, version: HTTP/1.1, content: EmptyByteBufBE)
GET /session/5f2b112862c52d4155b6376add39ec37/url HTTP/1.1
User-Agent: selenium/4.8.1 (java mac)
Cache-Control: no-cache
Content-Type: application/json; charset=utf-8
host: localhost:5242
accept: */*

Response DefaultHttpResponse(decodeResult: success, version: HTTP/1.1)
HTTP/1.1 200 OK
Content-Length: 52
Content-Type: application/json; charset=utf-8
cache-control: no-cache

04:21:03.432 [AsyncHttpClient-1-8] DEBUG org.asynchttpclient.netty.channel.ChannelManager - Adding key: http://localhost:5242 for channel [id: 0x404f89ca, L:/127.0.0.1:62341 - R:localhost/127.0.0.1:5242]
04:21:03.436 [Forwarding getPageSource on session 5f2b112862c52d4155b6376add39ec37 to remote] DEBUG org.asynchttpclient.netty.request.NettyRequestSender - Using pooled Channel '[id: 0x404f89ca, L:/127.0.0.1:62341 - R:localhost/127.0.0.1:5242]' for 'POST' to 'http://localhost:5242/session/5f2b112862c52d4155b6376add39ec37/execute/sync'
04:21:03.436 [Forwarding getPageSource on session 5f2b112862c52d4155b6376add39ec37 to remote] DEBUG org.asynchttpclient.netty.request.NettyRequestSender - Using open Channel [id: 0x404f89ca, L:/127.0.0.1:62341 - R:localhost/127.0.0.1:5242] for POST '/session/5f2b112862c52d4155b6376add39ec37/execute/sync'
04:21:03.438 [AsyncHttpClient-1-8] DEBUG org.asynchttpclient.netty.handler.HttpHandler - 

Request DefaultHttpRequest(decodeResult: success, version: HTTP/1.1)
POST /session/5f2b112862c52d4155b6376add39ec37/execute/sync HTTP/1.1
User-Agent: selenium/4.8.1 (java mac)
Content-Length: 176
Content-Type: application/json; charset=utf-8
host: localhost:5242
accept: */*

Response DefaultHttpResponse(decodeResult: success, version: HTTP/1.1)
HTTP/1.1 200 OK
Content-Length: 16264
Content-Type: application/json; charset=utf-8
cache-control: no-cache

04:21:03.439 [AsyncHttpClient-1-8] DEBUG org.asynchttpclient.netty.channel.ChannelManager - Adding key: http://localhost:5242 for channel [id: 0x404f89ca, L:/127.0.0.1:62341 - R:localhost/127.0.0.1:5242]
04:21:03.440 [Forwarding getCurrentUrl on session 5f2b112862c52d4155b6376add39ec37 to remote] DEBUG org.asynchttpclient.netty.request.NettyRequestSender - Using pooled Channel '[id: 0x404f89ca, L:/127.0.0.1:62341 - R:localhost/127.0.0.1:5242]' for 'GET' to 'http://localhost:5242/session/5f2b112862c52d4155b6376add39ec37/url'
04:21:03.440 [Forwarding getCurrentUrl on session 5f2b112862c52d4155b6376add39ec37 to remote] DEBUG org.asynchttpclient.netty.request.NettyRequestSender - Using open Channel [id: 0x404f89ca, L:/127.0.0.1:62341 - R:localhost/127.0.0.1:5242] for GET '/session/5f2b112862c52d4155b6376add39ec37/url'
04:21:03.442 [AsyncHttpClient-1-8] DEBUG org.asynchttpclient.netty.handler.HttpHandler - 

Request DefaultFullHttpRequest(decodeResult: success, version: HTTP/1.1, content: EmptyByteBufBE)
GET /session/5f2b112862c52d4155b6376add39ec37/url HTTP/1.1
User-Agent: selenium/4.8.1 (java mac)
Cache-Control: no-cache
Content-Type: application/json; charset=utf-8
host: localhost:5242
accept: */*

Response DefaultHttpResponse(decodeResult: success, version: HTTP/1.1)
HTTP/1.1 200 OK
Content-Length: 52
Content-Type: application/json; charset=utf-8
cache-control: no-cache

04:21:03.442 [AsyncHttpClient-1-8] DEBUG org.asynchttpclient.netty.channel.ChannelManager - Adding key: http://localhost:5242 for channel [id: 0x404f89ca, L:/127.0.0.1:62341 - R:localhost/127.0.0.1:5242]
04:21:03.443 [main] DEBUG net.thucydides.core.steps.StepInterceptor - STARTING STEP: LoginSteps.iAmOnTheHomePage - validateOnTheHomePage
04:21:03.444 [Forwarding findElement on session 5f2b112862c52d4155b6376add39ec37 to remote] DEBUG org.asynchttpclient.netty.request.NettyRequestSender - Using pooled Channel '[id: 0x404f89ca, L:/127.0.0.1:62341 - R:localhost/127.0.0.1:5242]' for 'POST' to 'http://localhost:5242/session/5f2b112862c52d4155b6376add39ec37/element'
04:21:03.444 [Forwarding findElement on session 5f2b112862c52d4155b6376add39ec37 to remote] DEBUG org.asynchttpclient.netty.request.NettyRequestSender - Using open Channel [id: 0x404f89ca, L:/127.0.0.1:62341 - R:localhost/127.0.0.1:5242] for POST '/session/5f2b112862c52d4155b6376add39ec37/element'
04:21:03.457 [AsyncHttpClient-1-8] DEBUG org.asynchttpclient.netty.handler.HttpHandler - 

Request DefaultHttpRequest(decodeResult: success, version: HTTP/1.1)
POST /session/5f2b112862c52d4155b6376add39ec37/element HTTP/1.1
User-Agent: selenium/4.8.1 (java mac)
Content-Length: 50
Content-Type: application/json; charset=utf-8
host: localhost:5242
accept: */*

Response DefaultHttpResponse(decodeResult: success, version: HTTP/1.1)
HTTP/1.1 200 OK
Content-Length: 88
Content-Type: application/json; charset=utf-8
cache-control: no-cache

04:21:03.457 [AsyncHttpClient-1-8] DEBUG org.asynchttpclient.netty.channel.ChannelManager - Adding key: http://localhost:5242 for channel [id: 0x404f89ca, L:/127.0.0.1:62341 - R:localhost/127.0.0.1:5242]
04:21:03.458 [Forwarding isElementDisplayed on session 5f2b112862c52d4155b6376add39ec37 to remote] DEBUG org.asynchttpclient.netty.request.NettyRequestSender - Using pooled Channel '[id: 0x404f89ca, L:/127.0.0.1:62341 - R:localhost/127.0.0.1:5242]' for 'POST' to 'http://localhost:5242/session/5f2b112862c52d4155b6376add39ec37/execute/sync'
04:21:03.458 [Forwarding isElementDisplayed on session 5f2b112862c52d4155b6376add39ec37 to remote] DEBUG org.asynchttpclient.netty.request.NettyRequestSender - Using open Channel [id: 0x404f89ca, L:/127.0.0.1:62341 - R:localhost/127.0.0.1:5242] for POST '/session/5f2b112862c52d4155b6376add39ec37/execute/sync'
04:21:03.466 [AsyncHttpClient-1-8] DEBUG org.asynchttpclient.netty.handler.HttpHandler - 

Request DefaultHttpRequest(decodeResult: success, version: HTTP/1.1)
POST /session/5f2b112862c52d4155b6376add39ec37/execute/sync HTTP/1.1
User-Agent: selenium/4.8.1 (java mac)
Content-Length: 48807
Content-Type: application/json; charset=utf-8
host: localhost:5242
accept: */*

Response DefaultHttpResponse(decodeResult: success, version: HTTP/1.1)
HTTP/1.1 200 OK
Content-Length: 14
Content-Type: application/json; charset=utf-8
cache-control: no-cache

04:21:03.466 [AsyncHttpClient-1-8] DEBUG org.asynchttpclient.netty.channel.ChannelManager - Adding key: http://localhost:5242 for channel [id: 0x404f89ca, L:/127.0.0.1:62341 - R:localhost/127.0.0.1:5242]
04:21:03.468 [Forwarding getAlertText on session 5f2b112862c52d4155b6376add39ec37 to remote] DEBUG org.asynchttpclient.netty.request.NettyRequestSender - Using pooled Channel '[id: 0x404f89ca, L:/127.0.0.1:62341 - R:localhost/127.0.0.1:5242]' for 'GET' to 'http://localhost:5242/session/5f2b112862c52d4155b6376add39ec37/alert/text'
04:21:03.468 [Forwarding getAlertText on session 5f2b112862c52d4155b6376add39ec37 to remote] DEBUG org.asynchttpclient.netty.request.NettyRequestSender - Using open Channel [id: 0x404f89ca, L:/127.0.0.1:62341 - R:localhost/127.0.0.1:5242] for GET '/session/5f2b112862c52d4155b6376add39ec37/alert/text'
04:21:03.469 [AsyncHttpClient-1-8] DEBUG org.asynchttpclient.netty.handler.HttpHandler - 

Request DefaultFullHttpRequest(decodeResult: success, version: HTTP/1.1, content: EmptyByteBufBE)
GET /session/5f2b112862c52d4155b6376add39ec37/alert/text HTTP/1.1
User-Agent: selenium/4.8.1 (java mac)
Cache-Control: no-cache
Content-Type: application/json; charset=utf-8
host: localhost:5242
accept: */*

Response DefaultHttpResponse(decodeResult: success, version: HTTP/1.1)
HTTP/1.1 404 Not Found
Content-Length: 1762
Content-Type: application/json; charset=utf-8
cache-control: no-cache

04:21:03.469 [AsyncHttpClient-1-8] DEBUG org.asynchttpclient.netty.channel.ChannelManager - Adding key: http://localhost:5242 for channel [id: 0x404f89ca, L:/127.0.0.1:62341 - R:localhost/127.0.0.1:5242]
04:21:03.470 [Forwarding getCurrentUrl on session 5f2b112862c52d4155b6376add39ec37 to remote] DEBUG org.asynchttpclient.netty.request.NettyRequestSender - Using pooled Channel '[id: 0x404f89ca, L:/127.0.0.1:62341 - R:localhost/127.0.0.1:5242]' for 'GET' to 'http://localhost:5242/session/5f2b112862c52d4155b6376add39ec37/url'
04:21:03.470 [Forwarding getCurrentUrl on session 5f2b112862c52d4155b6376add39ec37 to remote] DEBUG org.asynchttpclient.netty.request.NettyRequestSender - Using open Channel [id: 0x404f89ca, L:/127.0.0.1:62341 - R:localhost/127.0.0.1:5242] for GET '/session/5f2b112862c52d4155b6376add39ec37/url'
04:21:03.472 [AsyncHttpClient-1-8] DEBUG org.asynchttpclient.netty.handler.HttpHandler - 

Request DefaultFullHttpRequest(decodeResult: success, version: HTTP/1.1, content: EmptyByteBufBE)
GET /session/5f2b112862c52d4155b6376add39ec37/url HTTP/1.1
User-Agent: selenium/4.8.1 (java mac)
Cache-Control: no-cache
Content-Type: application/json; charset=utf-8
host: localhost:5242
accept: */*

Response DefaultHttpResponse(decodeResult: success, version: HTTP/1.1)
HTTP/1.1 200 OK
Content-Length: 52
Content-Type: application/json; charset=utf-8
cache-control: no-cache

04:21:03.472 [AsyncHttpClient-1-8] DEBUG org.asynchttpclient.netty.channel.ChannelManager - Adding key: http://localhost:5242 for channel [id: 0x404f89ca, L:/127.0.0.1:62341 - R:localhost/127.0.0.1:5242]
04:21:03.472 [Forwarding screenshot on session 5f2b112862c52d4155b6376add39ec37 to remote] DEBUG org.asynchttpclient.netty.request.NettyRequestSender - Using pooled Channel '[id: 0x404f89ca, L:/127.0.0.1:62341 - R:localhost/127.0.0.1:5242]' for 'GET' to 'http://localhost:5242/session/5f2b112862c52d4155b6376add39ec37/screenshot'
04:21:03.472 [Forwarding screenshot on session 5f2b112862c52d4155b6376add39ec37 to remote] DEBUG org.asynchttpclient.netty.request.NettyRequestSender - Using open Channel [id: 0x404f89ca, L:/127.0.0.1:62341 - R:localhost/127.0.0.1:5242] for GET '/session/5f2b112862c52d4155b6376add39ec37/screenshot'
04:21:03.790 [AsyncHttpClient-1-8] DEBUG org.asynchttpclient.netty.handler.HttpHandler - 

Request DefaultFullHttpRequest(decodeResult: success, version: HTTP/1.1, content: EmptyByteBufBE)
GET /session/5f2b112862c52d4155b6376add39ec37/screenshot HTTP/1.1
User-Agent: selenium/4.8.1 (java mac)
Cache-Control: no-cache
Content-Type: application/json; charset=utf-8
host: localhost:5242
accept: */*

Response DefaultHttpResponse(decodeResult: success, version: HTTP/1.1)
HTTP/1.1 200 OK
Content-Length: 1112100
Content-Type: application/json; charset=utf-8
cache-control: no-cache

04:21:03.791 [AsyncHttpClient-1-8] DEBUG org.asynchttpclient.netty.channel.ChannelManager - Adding key: http://localhost:5242 for channel [id: 0x404f89ca, L:/127.0.0.1:62341 - R:localhost/127.0.0.1:5242]
04:21:03.817 [main] DEBUG net.serenitybdd.core.photography.Darkroom - Send negative for processing for target/site/serenity/940fb0e36054418f9f9e841fc0cfa4fe2cd8d48a14367ff597183ef0ca092306.png
04:21:03.817 [main] DEBUG net.thucydides.core.steps.StepInterceptor - STEP DONE: validateOnTheHomePage
  &amp#27;[32mThen &amp#27;[0m&amp#27;[32mI am on the home page&amp#27;[0m                                     &amp#27;[90m# starter.stepdef.LoginSteps.iAmOnTheHomePage()&amp#27;[0m
04:21:03.819 [main] INFO  - 
  _____   ___   ___   _____     ___     _     ___   ___   ___   ___  
 |_   _| | __| / __| |_   _|   | _ \   /_\   / __| / __| | __| |   \ 
   | |   | _|  \__ \   | |     |  _/  / _ \  \__ \ \__ \ | _|  | |) |
   |_|   |___| |___/   |_|     |_|   /_/ \_\ |___/ |___/ |___| |___/ 

As a user, i login with accepted username problem_user
----------------------------------------------------------------------
04:21:03.820 [Driver Command Executor] DEBUG org.asynchttpclient.netty.request.NettyRequestSender - Using pooled Channel '[id: 0x404f89ca, L:/127.0.0.1:62341 - R:localhost/127.0.0.1:5242]' for 'DELETE' to 'http://localhost:5242/session/5f2b112862c52d4155b6376add39ec37'
04:21:03.820 [Driver Command Executor] DEBUG org.asynchttpclient.netty.request.NettyRequestSender - Using open Channel [id: 0x404f89ca, L:/127.0.0.1:62341 - R:localhost/127.0.0.1:5242] for DELETE '/session/5f2b112862c52d4155b6376add39ec37'
04:21:03.820 [AsyncHttpClient-1-10] DEBUG org.asynchttpclient.netty.handler.WebSocketHandler - Channel Closed: [id: 0xe8e18dbe, L:/127.0.0.1:62348 ! R:localhost/127.0.0.1:62342] with attribute NettyResponseFuture{currentRetry=0,
	isDone=1,
	isCancelled=0,
	asyncHandler=org.asynchttpclient.ws.WebSocketUpgradeHandler@67a8984c,
	nettyRequest=org.asynchttpclient.netty.request.NettyRequest@22aa1add,
	future=java.util.concurrent.CompletableFuture@4809c4a7[Completed normally],
	uri=ws://localhost:62342/devtools/browser/aded3a49-5edd-49d3-bb62-031a1a5b1290,
	keepAlive=true,
	redirectCount=0,
	timeoutsHolder=null,
	inAuth=0,
	touch=1681075258107}
04:21:03.820 [AsyncHttpClient-1-10] DEBUG org.asynchttpclient.netty.channel.ChannelManager - Closing Channel [id: 0xe8e18dbe, L:/127.0.0.1:62348 ! R:localhost/127.0.0.1:62342] 
04:21:03.839 [AsyncHttpClient-1-9] DEBUG org.asynchttpclient.netty.handler.HttpHandler - Channel Closed: [id: 0x1e97e072, L:/127.0.0.1:62347 ! R:localhost/127.0.0.1:62342] with attribute DISCARD
04:21:03.873 [AsyncHttpClient-1-8] DEBUG org.asynchttpclient.netty.handler.HttpHandler - 

Request DefaultFullHttpRequest(decodeResult: success, version: HTTP/1.1, content: EmptyByteBufBE)
DELETE /session/5f2b112862c52d4155b6376add39ec37 HTTP/1.1
User-Agent: selenium/4.8.1 (java mac)
Content-Type: application/json; charset=utf-8
host: localhost:5242
accept: */*

Response DefaultHttpResponse(decodeResult: success, version: HTTP/1.1)
HTTP/1.1 200 OK
Content-Length: 14
Content-Type: application/json; charset=utf-8
cache-control: no-cache

04:21:03.873 [AsyncHttpClient-1-8] DEBUG org.asynchttpclient.netty.channel.ChannelManager - Adding key: http://localhost:5242 for channel [id: 0x404f89ca, L:/127.0.0.1:62341 - R:localhost/127.0.0.1:5242]
04:21:03.886 [AsyncHttpClient-1-8] DEBUG org.asynchttpclient.netty.handler.HttpHandler - Channel Closed: [id: 0x404f89ca, L:/127.0.0.1:62341 ! R:localhost/127.0.0.1:5242] with attribute DISCARD
]]></system-out>
    <system-err><![CDATA[Starting ChromeDriver 111.0.5563.64 (c710e93d5b63b7095afe8c2c17df34408078439d-refs/branch-heads/5563@{#995}) on port 5242
Only local connections are allowed.
Please see https://chromedriver.chromium.org/security-considerations for suggestions on keeping ChromeDriver safe.
ChromeDriver was started successfully.
[1681075257.763][WARNING]: This version of ChromeDriver has not been tested with Chrome version 112.
Apr 10, 2023 4:20:58 AM org.openqa.selenium.devtools.CdpVersionFinder findNearestMatch
WARNING: Unable to find an exact match for CDP version 112, so returning the closest version found: 110
]]></system-err>
  </testcase>
</testsuite>